[2026-05-09T20:24:49.430] [DEBUG] debug-file - java daemon tryConnect failed Error: connect ECONNREFUSED 127.0.0.1:45050
[2026-05-09T20:24:49.513] [DEBUG] debug-file - java daemon started at port 45050 pid 30244
[2026-05-09T20:24:43.761] [DEBUG] debug-file - env: nodejsVersion=v18.20.1
[2026-05-09T20:24:44.104] [DEBUG] debug-file - env: daemon=true
[2026-05-09T20:24:43.763] [DEBUG] debug-file - env: hvigor-config.json5 content = {
  modelVersion: '6.0.1',
  dependencies: {},
  execution: {},
  logging: {},
  debugging: {},
  nodeOptions: {}
}
[2026-05-09T20:24:54.859] [DEBUG] debug-file - session manager: set active socket. socketId=kpDikKD_3hAjfC2ZAAAB
[2026-05-09T20:24:54.890] [DEBUG] debug-file - watch worker: worker id should be larger than 0. Nothing will be sent to any worker thread.
[2026-05-09T20:24:54.912] [DEBUG] debug-file - Hvigor init with startParameters:{
  hvigorfileTypeCheck: false,
  parallelExecution: true,
  incrementalExecution: true,
  printStackTrace: false,
  daemon: true,
  analyze: 0,
  logLevel: Level { level: 20000, levelStr: 'INFO', colour: 'green' },
  optimizationStrategy: 'memory',
  hotCompile: undefined,
  hotReloadBuild: undefined
}
[2026-05-09T20:24:54.964] [DEBUG] debug-file - Cache service initialization finished in 51 ms 
[2026-05-09T20:24:54.969] [DEBUG] debug-file - hvigorfile, resolving F:\qq2.0\qqApplication\hvigorfile.ts
[2026-05-09T20:25:57.966] [DEBUG] debug-file - hvigorfile, require result:  { default: { plugins: [] } }
[2026-05-09T20:25:57.966] [DEBUG] debug-file - hvigorfile, binding system plugins null
[2026-05-09T20:25:58.519] [DEBUG] debug-file - Start initialize project's product build option map with build mode debug.
[2026-05-09T20:25:58.520] [DEBUG] debug-file - Picking option from product 'default' with build mode 'debug'.
[2026-05-09T20:25:58.521] [DEBUG] debug-file - Product 'default' build option initialized
[2026-05-09T20:25:58.521] [DEBUG] debug-file - End initialize project's product build option map with build mode 'debug'.
[2026-05-09T20:25:58.525] [DEBUG] debug-file - Obtain build option for product 'default'in this build.
[2026-05-09T20:25:58.548] [DEBUG] debug-file - No signingConfig found, initRemoteHspCache failed.
[2026-05-09T20:25:58.554] [DEBUG] debug-file - Local scan or download HarmonyOS sdk components toolchains,ets,js,native,previewer
[2026-05-09T20:25:58.565] [DEBUG] debug-file - Local scan or download hmscore sdk components toolchains,ets,native
[2026-05-09T20:25:58.573] [DEBUG] debug-file - Start recording SDK configuration permission data.
[2026-05-09T20:25:58.710] [DEBUG] debug-file - Sdk init in 160 ms 
[2026-05-09T20:25:58.721] [DEBUG] debug-file - Project task initialization takes 9 ms 
[2026-05-09T20:25:58.722] [DEBUG] debug-file - hvigorfile, binding custom plugins []
[2026-05-09T20:25:58.722] [DEBUG] debug-file - hvigorfile, no custom plugins were found in F:\qq2.0\qqApplication\hvigorfile.ts
[2026-05-09T20:25:58.722] [DEBUG] debug-file - hvigorfile, resolve finished F:\qq2.0\qqApplication\hvigorfile.ts
[2026-05-09T20:25:58.724] [DEBUG] debug-file - hvigorfile, resolving F:\qq2.0\qqApplication\entry\hvigorfile.ts
[2026-05-09T20:25:58.737] [DEBUG] debug-file - hvigorfile, require result:  { default: { plugins: [] } }
[2026-05-09T20:25:58.737] [DEBUG] debug-file - hvigorfile, binding system plugins null
[2026-05-09T20:25:58.739] [DEBUG] debug-file - failed to load cangjie to dynamically generate schemas: Error: Cannot find module '@ohos/cangjie-build-support/index'
Require stack:
- E:\DevEco Studio\tools\hvigor\hvigor-ohos-plugin\src\plugin\factory\plugin-factory.js
- E:\DevEco Studio\tools\hvigor\hvigor-ohos-plugin\index.js
- F:\qq2.0\qqApplication\hvigorfile.ts
- E:\DevEco Studio\tools\hvigor\hvigor\src\base\internal\lifecycle\configuration.js
- E:\DevEco Studio\tools\hvigor\hvigor\src\base\boot\index.js
- E:\DevEco Studio\tools\hvigor\hvigor\src\base\daemon\cluster\worker-process-lifecycle.js
- E:\DevEco Studio\tools\hvigor\hvigor\src\base\daemon\process\daemon-process-boot-script.js
[2026-05-09T20:25:58.788] [DEBUG] debug-file - Start initialize module-target build option map, moduleName=entry, buildMode=debug
[2026-05-09T20:25:58.789] [DEBUG] debug-file - Target 'default' config initialized
[2026-05-09T20:25:58.791] [DEBUG] debug-file - Target 'ohosTest' config initialized
[2026-05-09T20:25:58.791] [DEBUG] debug-file - Module 'entry' target 'default' build option initialized
[2026-05-09T20:25:58.791] [DEBUG] debug-file - Module 'entry' target 'ohosTest' build option initialized
[2026-05-09T20:25:58.792] [DEBUG] debug-file - End initialize module-target build option map, moduleName=entry
[2026-05-09T20:25:58.792] [DEBUG] debug-file - Start initialize module-target build option map, moduleName=entry, buildMode=release
[2026-05-09T20:25:58.792] [DEBUG] debug-file - Target 'default' config initialized
[2026-05-09T20:25:58.793] [DEBUG] debug-file - Target 'ohosTest' config initialized
[2026-05-09T20:25:58.793] [DEBUG] debug-file - Module 'entry' target 'default' build option initialized
[2026-05-09T20:25:58.793] [DEBUG] debug-file - Module 'entry' target 'ohosTest' build option initialized
[2026-05-09T20:25:58.793] [DEBUG] debug-file - End initialize module-target build option map, moduleName=entry
[2026-05-09T20:25:58.794] [DEBUG] debug-file - Start initialize module-target build option map, moduleName=entry, buildMode=debug
[2026-05-09T20:25:58.795] [DEBUG] debug-file - Target 'default' config initialized
[2026-05-09T20:25:58.796] [DEBUG] debug-file - Target 'ohosTest' config initialized
[2026-05-09T20:25:58.796] [DEBUG] debug-file - Module 'entry' target 'default' build option initialized
[2026-05-09T20:25:58.796] [DEBUG] debug-file - Module 'entry' target 'ohosTest' build option initialized
[2026-05-09T20:25:58.796] [DEBUG] debug-file - End initialize module-target build option map, moduleName=entry
[2026-05-09T20:25:58.797] [DEBUG] debug-file - Obtain build option for module 'entry' target 'default'in this build.
[2026-05-09T20:25:58.812] [DEBUG] debug-file - Module entry task initialization takes 13 ms 
[2026-05-09T20:25:58.813] [DEBUG] debug-file - hvigorfile, binding custom plugins []
[2026-05-09T20:25:58.813] [DEBUG] debug-file - hvigorfile, no custom plugins were found in F:\qq2.0\qqApplication\entry\hvigorfile.ts
[2026-05-09T20:25:58.813] [DEBUG] debug-file - hvigorfile, resolve finished F:\qq2.0\qqApplication\entry\hvigorfile.ts
[2026-05-09T20:25:58.899] [DEBUG] debug-file - hvigorfile, resolve hvigorfile dependencies in 85 ms 
[2026-05-09T20:25:58.900] [DEBUG] debug-file - project has submodules:entry
[2026-05-09T20:25:58.904] [DEBUG] debug-file - start to load updatedOhPackageInfo to the disk
[2026-05-09T20:25:58.919] [DEBUG] debug-file - load to the disk finished
[2026-05-09T20:25:58.922] [DEBUG] debug-file - Start to initialize dependency information.
[2026-05-09T20:25:58.967] [DEBUG] debug-file - Module qqApplication Collected Dependency: 
[2026-05-09T20:25:58.968] [DEBUG] debug-file - Module qqApplication's total dependency: 0
[2026-05-09T20:25:58.970] [DEBUG] debug-file - Start to initialize dependency information.
[2026-05-09T20:25:58.980] [DEBUG] debug-file - Module entry Collected Dependency: 
[2026-05-09T20:25:58.981] [DEBUG] debug-file - Module entry's total dependency: 0
[2026-05-09T20:25:58.998] [DEBUG] debug-file - Configuration phase cost:1 min 4 s 34 ms 
[2026-05-09T20:25:59.003] [DEBUG] debug-file - Configuration task cost before running: 1 min 4 s 106 ms 
[2026-05-09T20:25:59.019] [DEBUG] debug-file - Executing task :entry:default@PreBuild
[2026-05-09T20:25:59.022] [DEBUG] debug-file - Task 'entry:default@PreBuild' cost while wrapping incremental declarations: 1 ms 
[2026-05-09T20:25:59.044] [DEBUG] debug-file - entry:default@PreBuild is not up-to-date, since the input file 'F:\qq2.0\qqApplication\entry\src\main\resources\base\profile\main_pages.json' has been changed.
[2026-05-09T20:25:59.045] [DEBUG] debug-file - Incremental task entry:default@PreBuild pre-execution cost: 15 ms .
[2026-05-09T20:25:59.442] [DEBUG] debug-file - current product is not Atomic service.
[2026-05-09T20:25:59.443] [DEBUG] debug-file - Use tool [win32: JAVA_HOME, CLASSPATH]
 [
  { JAVA_HOME: 'E:\\DevEco Studio\\jbr' },
  {
    CLASSPATH: '.;C:\\Program Files\\Java\\jdk-17\\lib;C:\\Program Files\\Java\\jdk-17\\lib\\dt.jar;C:\\Program Files\\Java\\jdk-17\\lib\\tools.jar'
  }
]
[2026-05-09T20:25:59.444] [DEBUG] debug-file - Use tool [win32: NODE_HOME]
 [ { NODE_HOME: 'E:\\DevEco Studio\\tools\\node' } ]
[2026-05-09T20:25:59.445] [DEBUG] debug-file - entry : default@PreBuild cost memory 5.1455841064453125
[2026-05-09T20:25:59.446] [DEBUG] debug-file - runTaskFromQueue task cost before running: 1 min 4 s 549 ms 
[2026-05-09T20:25:59.450] [INFO] debug-file - Finished :entry:default@PreBuild... after 428 ms 
[2026-05-09T20:25:59.453] [DEBUG] debug-file - Executing task :entry:default@CreateModuleInfo
[2026-05-09T20:25:59.454] [DEBUG] debug-file - Task 'entry:default@CreateModuleInfo' cost while wrapping incremental declarations: 1 ms 
[2026-05-09T20:25:59.455] [DEBUG] debug-file - entry : default@CreateModuleInfo cost memory 0.04174041748046875
[2026-05-09T20:25:59.455] [DEBUG] debug-file - runTaskFromQueue task cost before running: 1 min 4 s 558 ms 
[2026-05-09T20:25:59.456] [INFO] debug-file - Finished :entry:default@CreateModuleInfo... after 3 ms 
[2026-05-09T20:25:59.460] [DEBUG] debug-file - Executing task :entry:default@GenerateMetadata
[2026-05-09T20:25:59.461] [DEBUG] debug-file - Task 'entry:default@GenerateMetadata' cost while wrapping incremental declarations: 2 ms 
[2026-05-09T20:25:59.466] [DEBUG] debug-file - Incremental task entry:default@GenerateMetadata pre-execution cost: 4 ms .
[2026-05-09T20:25:59.466] [DEBUG] debug-file - entry : default@GenerateMetadata cost memory 0.094818115234375
[2026-05-09T20:25:59.467] [INFO] debug-file - UP-TO-DATE :entry:default@GenerateMetadata...  
[2026-05-09T20:25:59.470] [DEBUG] debug-file - Executing task :entry:default@ConfigureCmake
[2026-05-09T20:25:59.471] [DEBUG] debug-file - entry : default@ConfigureCmake cost memory 0.01611328125
[2026-05-09T20:25:59.471] [DEBUG] debug-file - runTaskFromQueue task cost before running: 1 min 4 s 574 ms 
[2026-05-09T20:25:59.471] [INFO] debug-file - Finished :entry:default@ConfigureCmake... after 1 ms 
[2026-05-09T20:25:59.475] [DEBUG] debug-file - Executing task :entry:default@MergeProfile
[2026-05-09T20:25:59.476] [DEBUG] debug-file - Task 'entry:default@MergeProfile' cost while wrapping incremental declarations: 1 ms 
[2026-05-09T20:25:59.482] [DEBUG] debug-file - Incremental task entry:default@MergeProfile pre-execution cost: 5 ms .
[2026-05-09T20:25:59.483] [DEBUG] debug-file - entry : default@MergeProfile cost memory 0.13268280029296875
[2026-05-09T20:25:59.483] [INFO] debug-file - UP-TO-DATE :entry:default@MergeProfile...  
[2026-05-09T20:25:59.487] [DEBUG] debug-file - Executing task :entry:default@CreateBuildProfile
[2026-05-09T20:25:59.489] [DEBUG] debug-file - Task 'entry:default@CreateBuildProfile' cost while wrapping incremental declarations: 2 ms 
[2026-05-09T20:25:59.492] [DEBUG] debug-file - Incremental task entry:default@CreateBuildProfile pre-execution cost: 3 ms .
[2026-05-09T20:25:59.493] [DEBUG] debug-file - entry : default@CreateBuildProfile cost memory 0.10320281982421875
[2026-05-09T20:25:59.495] [INFO] debug-file - UP-TO-DATE :entry:default@CreateBuildProfile...  
[2026-05-09T20:25:59.499] [DEBUG] debug-file - Executing task :entry:default@PreCheckSyscap
[2026-05-09T20:25:59.500] [DEBUG] debug-file - entry : default@PreCheckSyscap cost memory 0.01634979248046875
[2026-05-09T20:25:59.500] [DEBUG] debug-file - runTaskFromQueue task cost before running: 1 min 4 s 603 ms 
[2026-05-09T20:25:59.501] [INFO] debug-file - Finished :entry:default@PreCheckSyscap... after 2 ms 
[2026-05-09T20:25:59.506] [DEBUG] debug-file - Executing task :entry:default@GeneratePkgContextInfo
[2026-05-09T20:25:59.531] [DEBUG] debug-file - Task 'entry:default@GeneratePkgContextInfo' cost while wrapping incremental declarations: 1 ms 
[2026-05-09T20:25:59.532] [DEBUG] debug-file - Incremental task entry:default@GeneratePkgContextInfo pre-execution cost: 1 ms .
[2026-05-09T20:25:59.533] [DEBUG] debug-file - entry : default@GeneratePkgContextInfo cost memory 0.361663818359375
[2026-05-09T20:25:59.533] [INFO] debug-file - UP-TO-DATE :entry:default@GeneratePkgContextInfo...  
[2026-05-09T20:25:59.541] [DEBUG] debug-file - Executing task :entry:default@ProcessIntegratedHsp
[2026-05-09T20:25:59.542] [DEBUG] debug-file - entry:default@ProcessIntegratedHsp is not up-to-date, since the output file 'F:\qq2.0\qqApplication\build\cache\default\integrated_hsp\integratedHspCache.json' does not exist.
[2026-05-09T20:25:59.543] [DEBUG] debug-file - Incremental task entry:default@ProcessIntegratedHsp pre-execution cost: 1 ms .
[2026-05-09T20:25:59.543] [DEBUG] debug-file - entry : default@ProcessIntegratedHsp cost memory 0.0625
[2026-05-09T20:25:59.543] [DEBUG] debug-file - runTaskFromQueue task cost before running: 1 min 4 s 646 ms 
[2026-05-09T20:25:59.544] [INFO] debug-file - Finished :entry:default@ProcessIntegratedHsp... after 3 ms 
[2026-05-09T20:25:59.547] [DEBUG] debug-file - Executing task :entry:default@BuildNativeWithCmake
[2026-05-09T20:25:59.548] [DEBUG] debug-file - entry : default@BuildNativeWithCmake cost memory 0.01753997802734375
[2026-05-09T20:25:59.548] [DEBUG] debug-file - runTaskFromQueue task cost before running: 1 min 4 s 651 ms 
[2026-05-09T20:25:59.548] [INFO] debug-file - Finished :entry:default@BuildNativeWithCmake... after 1 ms 
[2026-05-09T20:25:59.551] [DEBUG] debug-file - Executing task :entry:default@MakePackInfo
[2026-05-09T20:25:59.557] [DEBUG] debug-file - Incremental task entry:default@MakePackInfo pre-execution cost: 4 ms .
[2026-05-09T20:25:59.557] [DEBUG] debug-file - entry : default@MakePackInfo cost memory 0.3480987548828125
[2026-05-09T20:25:59.558] [INFO] debug-file - UP-TO-DATE :entry:default@MakePackInfo...  
[2026-05-09T20:25:59.562] [DEBUG] debug-file - Executing task :entry:default@SyscapTransform
[2026-05-09T20:25:59.563] [DEBUG] debug-file - File: 'F:\qq2.0\qqApplication\entry\src\main\syscap.json' from 'sysCapJsonPath' is not exists, just ignore.
[2026-05-09T20:25:59.565] [DEBUG] debug-file - Task 'entry:default@SyscapTransform' cost while wrapping incremental declarations: 3 ms 
[2026-05-09T20:25:59.631] [DEBUG] debug-file - entry:default@SyscapTransform is not up-to-date, since the output file 'F:\qq2.0\qqApplication\entry\build\default\intermediates\syscap\default\rpcid.sc' does not exist.
[2026-05-09T20:25:59.631] [DEBUG] debug-file - Incremental task entry:default@SyscapTransform pre-execution cost: 66 ms .
[2026-05-09T20:25:59.632] [DEBUG] debug-file - entry : default@SyscapTransform cost memory 0.1588592529296875
[2026-05-09T20:25:59.632] [DEBUG] debug-file - runTaskFromQueue task cost before running: 1 min 4 s 735 ms 
[2026-05-09T20:25:59.633] [INFO] debug-file - Finished :entry:default@SyscapTransform... after 70 ms 
[2026-05-09T20:25:59.637] [DEBUG] debug-file - Executing task :entry:default@ProcessProfile
[2026-05-09T20:25:59.656] [DEBUG] debug-file - Task 'entry:default@ProcessProfile' cost while wrapping incremental declarations: 1 ms 
[2026-05-09T20:25:59.659] [DEBUG] debug-file - Incremental task entry:default@ProcessProfile pre-execution cost: 3 ms .
[2026-05-09T20:25:59.659] [DEBUG] debug-file - entry : default@ProcessProfile cost memory 0.14745330810546875
[2026-05-09T20:25:59.660] [INFO] debug-file - UP-TO-DATE :entry:default@ProcessProfile...  
[2026-05-09T20:25:59.662] [DEBUG] debug-file - Executing task :entry:default@ProcessRouterMap
[2026-05-09T20:25:59.668] [DEBUG] debug-file - Incremental task entry:default@ProcessRouterMap pre-execution cost: 4 ms .
[2026-05-09T20:25:59.669] [DEBUG] debug-file - entry : default@ProcessRouterMap cost memory 0.14987945556640625
[2026-05-09T20:25:59.669] [INFO] debug-file - UP-TO-DATE :entry:default@ProcessRouterMap...  
[2026-05-09T20:25:59.671] [DEBUG] debug-file - Executing task :entry:default@ProcessShareConfig
[2026-05-09T20:25:59.674] [DEBUG] debug-file - Incremental task entry:default@ProcessShareConfig pre-execution cost: 2 ms .
[2026-05-09T20:25:59.675] [DEBUG] debug-file - entry : default@ProcessShareConfig cost memory 0.13448333740234375
[2026-05-09T20:25:59.680] [INFO] debug-file - UP-TO-DATE :entry:default@ProcessShareConfig...  
[2026-05-09T20:25:59.683] [DEBUG] debug-file - Executing task :entry:default@ProcessStartupConfig
[2026-05-09T20:25:59.683] [DEBUG] debug-file - Task 'entry:default@ProcessStartupConfig' cost while wrapping incremental declarations: 1 ms 
[2026-05-09T20:25:59.686] [DEBUG] debug-file - entry:default@ProcessStartupConfig is not up-to-date, since the output file 'F:\qq2.0\qqApplication\entry\build\default\intermediates\startup\default\startup_config.json' does not exist.
[2026-05-09T20:25:59.687] [DEBUG] debug-file - Incremental task entry:default@ProcessStartupConfig pre-execution cost: 3 ms .
[2026-05-09T20:25:59.711] [DEBUG] debug-file - entry : default@ProcessStartupConfig cost memory 0.15142822265625
[2026-05-09T20:25:59.711] [DEBUG] debug-file - runTaskFromQueue task cost before running: 1 min 4 s 814 ms 
[2026-05-09T20:25:59.713] [INFO] debug-file - Finished :entry:default@ProcessStartupConfig... after 29 ms 
[2026-05-09T20:25:59.716] [DEBUG] debug-file - Executing task :entry:default@BuildNativeWithNinja
[2026-05-09T20:25:59.717] [DEBUG] debug-file - entry : default@BuildNativeWithNinja cost memory 0.2551727294921875
[2026-05-09T20:25:59.718] [DEBUG] debug-file - runTaskFromQueue task cost before running: 1 min 4 s 821 ms 
[2026-05-09T20:25:59.718] [INFO] debug-file - Finished :entry:default@BuildNativeWithNinja... after 2 ms 
[2026-05-09T20:25:59.722] [DEBUG] debug-file - restool module names: entry; moduleName=entry, taskName=default@ProcessResource
[2026-05-09T20:25:59.740] [DEBUG] debug-file - Executing task :entry:default@ProcessResource
[2026-05-09T20:25:59.741] [DEBUG] debug-file - Task 'entry:default@ProcessResource' cost while wrapping incremental declarations: 1 ms 
[2026-05-09T20:25:59.744] [DEBUG] debug-file - Incremental task entry:default@ProcessResource pre-execution cost: 2 ms .
[2026-05-09T20:25:59.744] [DEBUG] debug-file - entry : default@ProcessResource cost memory 0.1322021484375
[2026-05-09T20:25:59.747] [INFO] debug-file - UP-TO-DATE :entry:default@ProcessResource...  
[2026-05-09T20:25:59.751] [DEBUG] debug-file - Executing task :entry:default@GenerateLoaderJson
[2026-05-09T20:25:59.753] [DEBUG] debug-file - Task 'entry:default@GenerateLoaderJson' cost while wrapping incremental declarations: 1 ms 
[2026-05-09T20:25:59.781] [DEBUG] debug-file - Incremental task entry:default@GenerateLoaderJson pre-execution cost: 8 ms .
[2026-05-09T20:25:59.781] [DEBUG] debug-file - entry : default@GenerateLoaderJson cost memory 0.502227783203125
[2026-05-09T20:25:59.786] [INFO] debug-file - UP-TO-DATE :entry:default@GenerateLoaderJson...  
[2026-05-09T20:25:59.790] [DEBUG] debug-file - Executing task :entry:default@ProcessLibs
[2026-05-09T20:25:59.800] [DEBUG] debug-file - Incremental task entry:default@ProcessLibs pre-execution cost: 6 ms .
[2026-05-09T20:25:59.800] [DEBUG] debug-file - entry : default@ProcessLibs cost memory 0.2495269775390625
[2026-05-09T20:25:59.802] [INFO] debug-file - UP-TO-DATE :entry:default@ProcessLibs...  
[2026-05-09T20:25:59.805] [DEBUG] debug-file - restool module names: entry; moduleName=entry, taskName=default@CompileResource
[2026-05-09T20:25:59.807] [DEBUG] debug-file - Executing task :entry:default@CompileResource
[2026-05-09T20:25:59.838] [DEBUG] debug-file - entry:default@CompileResource is not up-to-date, since the input file 'F:\qq2.0\qqApplication\entry\src\main\resources' has been changed.
[2026-05-09T20:25:59.839] [DEBUG] debug-file - Incremental task entry:default@CompileResource pre-execution cost: 9 ms .
[2026-05-09T20:25:59.852] [DEBUG] debug-file - Use tool [E:\DevEco Studio\sdk\default\openharmony\toolchains\restool.exe]
 [
  'E:\\DevEco Studio\\sdk\\default\\openharmony\\toolchains\\restool.exe',
  '-l',
  'F:\\qq2.0\\qqApplication\\entry\\build\\default\\intermediates\\res\\default\\resConfig.json'
]
[2026-05-09T20:25:59.857] [DEBUG] debug-file - current process  memoryUsage: {
  rss: 195760128,
  heapTotal: 155348992,
  heapUsed: 123165400,
  external: 3000203,
  arrayBuffers: 103568
} os memoryUsage :14.420173645019531
[2026-05-09T20:26:00.574] [DEBUG] debug-file - Info: Pack: normal pack mode

[2026-05-09T20:26:02.134] [DEBUG] debug-file - Info: hardware concurrency count is : 12
Info: thread count is : 12

[2026-05-09T20:26:02.134] [DEBUG] debug-file - Info: thread pool is started
Info: GenericCompiler::CompileFiles

[2026-05-09T20:26:02.141] [DEBUG] debug-file - Info: GenericCompiler::CompileFiles

[2026-05-09T20:26:02.142] [DEBUG] debug-file - Warning: 'F:\qq2.0\qqApplication\entry\src\main\resources\base\media\background.png' is defined repeatedly.
Warning: 'F:\qq2.0\qqApplication\entry\src\main\resources\base\media\foreground.png' is defined repeatedly.
Warning: 'F:\qq2.0\qqApplication\entry\src\main\resources\base\media\layered_image.json' is defined repeatedly.

[2026-05-09T20:26:02.143] [DEBUG] debug-file - Info: GenericCompiler::CompileFiles

[2026-05-09T20:26:02.151] [DEBUG] debug-file - 05-09 20:26:02.151 26564  1084 E C01400/ImageTranscoderUtils: DecodeToRGBA IN
05-09 20:26:02.151 26564  1084 E C01400/ImageTranscoderUtils: ImageFilter IN F:\qq2.0\qqApplication\AppScope\resources\base\media\background.png

[2026-05-09T20:26:02.225] [DEBUG] debug-file - 05-09 20:26:02.225 26564  1084 E C01400/ImageTranscoderUtils: DecodeToRGBA IN
05-09 20:26:02.225 26564  1084 E C01400/ImageTranscoderUtils: ImageFilter IN F:\qq2.0\qqApplication\AppScope\resources\base\media\foreground.png

[2026-05-09T20:26:02.291] [DEBUG] debug-file - Info: can't scale media json file.

[2026-05-09T20:26:02.292] [DEBUG] debug-file - Warning: The width or height of the png file referenced by the icon exceeds the limit (41 pixels)
at F:\qq2.0\qqApplication\AppScope\resources\base\media\background.png
Warning: The width or height of the png file referenced by the icon exceeds the limit (41 pixels)
at F:\qq2.0\qqApplication\AppScope\resources\base\media\foreground.png
Warning: F:\qq2.0\qqApplication\AppScope\resources\base\media\layered_image.json is not png format

[2026-05-09T20:26:02.303] [DEBUG] debug-file - Info: restool resources compile success.

[2026-05-09T20:26:02.303] [DEBUG] debug-file - Info: thread pool is stopped

[2026-05-09T20:26:02.373] [DEBUG] debug-file - entry : default@CompileResource cost memory -10.558036804199219
[2026-05-09T20:26:02.373] [DEBUG] debug-file - runTaskFromQueue task cost before running: 1 min 7 s 476 ms 
[2026-05-09T20:26:02.376] [INFO] debug-file - Finished :entry:default@CompileResource... after 2 s 567 ms 
[2026-05-09T20:26:02.379] [DEBUG] debug-file - Executing task :entry:default@DoNativeStrip
[2026-05-09T20:26:02.380] [DEBUG] debug-file - Task 'entry:default@DoNativeStrip' cost while wrapping incremental declarations: 1 ms 
[2026-05-09T20:26:02.384] [DEBUG] debug-file - Incremental task entry:default@DoNativeStrip pre-execution cost: 3 ms .
[2026-05-09T20:26:02.384] [DEBUG] debug-file - entry : default@DoNativeStrip cost memory 0.08692169189453125
[2026-05-09T20:26:02.385] [INFO] debug-file - UP-TO-DATE :entry:default@DoNativeStrip...  
[2026-05-09T20:26:02.391] [DEBUG] debug-file - Executing task :entry:default@CompileArkTS
[2026-05-09T20:26:02.394] [DEBUG] debug-file - obfuscationOptions: undefined
[2026-05-09T20:26:02.397] [DEBUG] debug-file - Task 'entry:default@CompileArkTS' cost while wrapping incremental declarations: 1 ms 
[2026-05-09T20:26:02.410] [DEBUG] debug-file - entry:default@CompileArkTS is not up-to-date, since the input file 'F:\qq2.0\qqApplication\entry\build\default\intermediates\res\default\ResourceTable.txt' has been changed.
[2026-05-09T20:26:02.411] [DEBUG] debug-file - Incremental task entry:default@CompileArkTS pre-execution cost: 9 ms .
[2026-05-09T20:26:02.483] [DEBUG] debug-file - build config:
[2026-05-09T20:26:02.485] [DEBUG] debug-file - {
  moduleType: 'entry',
  perf: 0,
  targetName: '.default',
  packageManagerType: 'ohpm',
  localPropertiesPath: 'F:\\qq2.0\\qqApplication\\local.properties',
  isPreview: false,
  isOhosTest: false,
  isLocalTest: false,
  buildMode: 'Debug',
  hotReloadBuild: undefined,
  watchMode: 'false',
  aceProfilePath: 'F:\\qq2.0\\qqApplication\\entry\\build\\default\\intermediates\\res\\default\\resources\\base\\profile',
  etsLoaderPath: 'E:\\DevEco Studio\\sdk\\default\\openharmony\\ets\\build-tools\\ets-loader',
  modulePath: 'F:\\qq2.0\\qqApplication\\entry',
  testFrameworkPar: {
    testMode: undefined,
    coveragePathFilter: undefined,
    coverageMode: undefined
  },
  needCoverageInsert: false,
  debugLine: false,
  projectTopDir: 'F:\\qq2.0\\qqApplication',
  compileSdkVersion: 21,
  compatibleSdkVersion: 21,
  originCompatibleSdkVersion: '6.0.1(21)',
  compatibleSdkVersionStage: undefined,
  bundleName: 'c***n',
  etsLoaderVersion: '6.0.1.112',
  etsLoaderReleaseType: 'Release',
  aotCompileMode: 'type',
  apPath: 'F:\\qq2.0\\qqApplication\\entry\\modules.ap',
  entryModuleName: 'entry',
  entryModuleVersion: '1.0.0',
  entryPackageName: 'entry',
  allModuleNameHash: '9c69413df1118fe4f29db450b9a231d2445e0d1c390f49a461ff50e50654d857',
  externalApiPaths: [ 'E:\\DevEco Studio\\sdk\\default\\hms\\ets' ],
  compilerTypes: [],
  isCrossplatform: false,
  hvigorPluginFile: undefined,
  compilePluginPath: undefined,
  buildGeneratedProfilePath: 'F:\\qq2.0\\qqApplication\\entry\\build\\default\\generated\\profile\\default',
  bundleType: 'app',
  arkTSVersion: undefined,
  apiVersion: 21,
  needCompleteSourcesMap: false,
  isFaMode: false,
  buildDir: 'F:\\qq2.0\\qqApplication\\entry\\build',
  deviceTypes: [ 'phone' ],
  pkgContextInfo: {
    '@ohos/hypium': {
      packageName: '@ohos/hypium',
      bundleName: '*****',
      moduleName: '',
      version: '1.0.24',
      entryPath: 'index.js',
      isSO: false,
      dependencyAlias: ''
    },
    '@ohos/hamock': {
      packageName: '@ohos/hamock',
      bundleName: '*****',
      moduleName: '',
      version: '1.0.0',
      entryPath: 'index.ets',
      isSO: false,
      dependencyAlias: ''
    },
    entry: {
      packageName: 'entry',
      bundleName: '*****',
      moduleName: '',
      version: '',
      entryPath: 'src/main/',
      isSO: false,
      dependencyAlias: ''
    }
  },
  ohPackagePathMap: {},
  dependencyAliasMap: {},
  permission: { requestPermissions: [ [Object] ], definePermissions: undefined },
  integratedHsp: false,
  projectArkOption: undefined,
  sourceMapDir: undefined,
  branchElimination: false,
  transformLib: undefined,
  tsImportSendable: false,
  resolveConflictMode: true,
  depName2RootPath: {},
  depName2DepInfo: {},
  rootPathSet: [ 'F:\\qq2.0\\qqApplication' ],
  useNativeResolver: true,
  shouldEmitJs: true,
  useTscResolve: false,
  singleFileEmit: false,
  userProjectConfig: {
    autoLazyImport: false,
    allowEmptyBundleName: false,
    reExportCheckMode: 'noCheck',
    executionMode: 'memory',
    usePathPlaceholder: false,
    writeRollupCache: true,
    isExpandImportEnabled: false,
    expandImportExclude: '',
    lazyImportExclude: '',
    lazyImportInclude: '',
    ignoreCrossplatformCheck: false,
    isHarDeduplicateEnabled: false,
    enableStrictCheckOHModule: false,
    useDeclarationFileSignature: false,
    isPreloadSoEnabled: false
  },
  skipOhModulesLint: false,
  executionMode: 'memory',
  arkCompileCachePath: 'F:\\qq2.0\\qqApplication\\entry\\build\\default\\cache\\default\\default@CompileArkTS\\esmodule',
  autoLazyFilter: undefined,
  isHarDeduplicateEnabled: false,
  intermediateHarDuplicateDirPath: 'F:\\qq2.0\\qqApplication\\entry\\build\\default\\intermediates\\har_duplicate\\default',
  autoLazyImport: false,
  allowEmptyBundleName: false,
  reExportCheckMode: 'noCheck',
  usePathPlaceholder: false,
  writeRollupCache: true,
  isExpandImportEnabled: false,
  expandImportExclude: '',
  lazyImportExclude: '',
  lazyImportInclude: '',
  ignoreCrossplatformCheck: false,
  enableStrictCheckOHModule: false,
  useDeclarationFileSignature: false,
  isPreloadSoEnabled: false,
  strictMode: {
    caseSensitiveCheck: true,
    useNormalizedOHMUrl: true,
    noExternalImportByPath: true
  },
  useNormalizedOHMUrl: true,
  caseSensitiveCheck: true,
  aceModuleJsonPath: 'F:\\qq2.0\\qqApplication\\entry\\build\\default\\intermediates\\res\\default\\ark_module.json',
  appResource: 'F:\\qq2.0\\qqApplication\\entry\\build\\default\\intermediates\\res\\default\\ResourceTable.txt',
  rawFileResource: 'F:\\qq2.0\\qqApplication\\entry\\build\\default\\intermediates\\res\\default\\resources\\rawfile',
  resourceTableHash: 'f5373d4b6ba413e2c3448c8ecddb78f4f86b9e32ed20d02397164664ea81fc32',
  runtimeOS: 'HarmonyOS',
  sdkInfo: 'false:21:6.0.1.112:Release',
  aceModuleRoot: 'F:\\qq2.0\\qqApplication\\entry\\src\\main\\ets',
  compileMode: 'esmodule',
  aceSuperVisualPath: 'F:\\qq2.0\\qqApplication\\entry\\src\\main\\supervisual',
  aceBuildJson: 'F:\\qq2.0\\qqApplication\\entry\\build\\default\\intermediates\\loader\\default\\loader.json',
  cachePath: 'F:\\qq2.0\\qqApplication\\entry\\build\\default\\cache\\default\\default@CompileArkTS\\esmodule\\debug',
  aceModuleBuild: 'F:\\qq2.0\\qqApplication\\entry\\build\\default\\intermediates\\loader_out\\default\\ets',
  supportChunks: true,
  declaredFilesPath: undefined,
  shouldCollectDirectImportees: false,
  isByteCodeHarOptimize: false,
  expandImportPath: undefined,
  pkgNameToPkgBriefInfo: {
    entry: {
      pkgRoot: 'F:\\qq2.0\\qqApplication\\entry',
      originalSourceRoots: undefined,
      sourceRoots: [Array],
      pkgName: 'entry'
    }
  },
  projectModel: {
    'F:\\qq2.0\\qqApplication\\entry\\src\\main': {
      moduleName: 'entry',
      modulePkgPath: 'F:\\qq2.0\\qqApplication\\entry',
      belongProjectPath: 'F:\\qq2.0\\qqApplication'
    },
    'F:\\qq2.0\\qqApplication\\entry\\build\\default\\intermediates\\src\\ohosTest\\ets': {
      moduleName: 'entry_test',
      modulePkgPath: 'F:\\qq2.0\\qqApplication\\entry',
      belongProjectPath: 'F:\\qq2.0\\qqApplication'
    },
    'F:\\qq2.0\\qqApplication\\entry\\src\\ohosTest': {
      moduleName: 'entry_test',
      modulePkgPath: 'F:\\qq2.0\\qqApplication\\entry',
      belongProjectPath: 'F:\\qq2.0\\qqApplication'
    },
    'F:\\qq2.0\\qqApplication\\entry': {
      moduleName: 'entry',
      modulePkgPath: 'F:\\qq2.0\\qqApplication\\entry',
      belongProjectPath: 'F:\\qq2.0\\qqApplication'
    },
    'F:\\qq2.0\\qqApplication': {
      moduleName: 'qqApplication',
      modulePkgPath: 'F:\\qq2.0\\qqApplication',
      belongProjectPath: 'F:\\qq2.0\\qqApplication'
    }
  },
  pkgJsonFileHash: '7c3392d33504a880b463b1c70b154ca7a593ea6151203dc73283996a1cb9ca4f',
  allModulePaths: [ 'F:\\qq2.0\\qqApplication\\entry' ],
  routerMap: {},
  obfuscationOptions: undefined,
  byteCodeHarToDependencyKeys: undefined,
  compileBlockPkg: [],
  mockParams: {
    decorator: '@MockSetup',
    packageName: '@ohos/hamock',
    etsSourceRootPath: 'src/main/ets',
    mockConfigPath: 'F:\\qq2.0\\qqApplication\\entry\\src\\mock\\mock-config.json5',
    mockConfigKey2ModuleInfo: {},
    source2ModuleIdMap: {}
  },
  copyCodeResourceEnable: false,
  copyCodeResourceExcludes: [],
  copyCodeResourceIncludes: undefined,
  uiTransformOptimization: false,
  sdkPath: 'E:/DevEco Studio/sdk',
  needPreloadSoFileSet: {},
  preloadSoFilePath: 'F:\\qq2.0\\qqApplication\\entry\\build\\default\\intermediates\\preload\\default\\preload.json',
  useSourceHash: false,
  localModuleParamMap: {},
  otherPaths: {
    'entry/*': [
      '..\\*',
      '..\\..\\..\\build\\default\\generated\\profile\\default\\*'
    ]
  },
  collectImportersConfig: undefined
}
[2026-05-09T20:26:02.486] [DEBUG] debug-file - Compile arkts with external api path: E:\DevEco Studio\sdk\default\hms\ets
[2026-05-09T20:26:02.491] [DEBUG] debug-file - Since there is no instance or instance is terminated, create a new worker pool.
[2026-05-09T20:26:02.491] [DEBUG] debug-file - Worker pool is initialized with config:  {
  minPoolNum: 2,
  maxPoolNum: undefined,
  maxCoreSize: undefined,
  cacheCapacity: undefined,
  cacheTtl: undefined
}
[2026-05-09T20:26:02.493] [DEBUG] debug-file - Create  resident worker with id: 0.
[2026-05-09T20:26:02.501] [DEBUG] debug-file - Create  resident worker with id: 1.
[2026-05-09T20:26:02.508] [DEBUG] debug-file - default@CompileArkTS work[0] is submitted.
[2026-05-09T20:26:02.509] [DEBUG] debug-file - default@CompileArkTS work[0] is pushed to ready queue.
[2026-05-09T20:26:02.510] [DEBUG] debug-file - A work dispatched to worker[11] failed because unable to get work from ready queue.
[2026-05-09T20:26:02.510] [DEBUG] debug-file - A work dispatched to worker[10] failed because unable to get work from ready queue.
[2026-05-09T20:26:02.510] [DEBUG] debug-file - A work dispatched to worker[9] failed because unable to get work from ready queue.
[2026-05-09T20:26:02.511] [DEBUG] debug-file - A work dispatched to worker[8] failed because unable to get work from ready queue.
[2026-05-09T20:26:02.511] [DEBUG] debug-file - A work dispatched to worker[7] failed because unable to get work from ready queue.
[2026-05-09T20:26:02.511] [DEBUG] debug-file - A work dispatched to worker[6] failed because unable to get work from ready queue.
[2026-05-09T20:26:02.511] [DEBUG] debug-file - A work dispatched to worker[5] failed because unable to get work from ready queue.
[2026-05-09T20:26:02.512] [DEBUG] debug-file - Create  resident worker with id: 4.
[2026-05-09T20:26:02.516] [DEBUG] debug-file - default@CompileArkTS work[0] has been dispatched to worker[4].
[2026-05-09T20:26:02.517] [DEBUG] debug-file - default@CompileArkTS work[0] is dispatched.
[2026-05-09T20:26:02.517] [DEBUG] debug-file - entry : default@CompileArkTS cost memory 1.9142227172851562
[2026-05-09T20:26:02.522] [DEBUG] debug-file - Executing task :entry:default@BuildJS
[2026-05-09T20:26:02.522] [DEBUG] debug-file - Task 'entry:default@BuildJS' cost while wrapping incremental declarations: 1 ms 
[2026-05-09T20:26:02.530] [DEBUG] debug-file - entry : default@BuildJS cost memory 0.15743255615234375
[2026-05-09T20:26:02.531] [DEBUG] debug-file - runTaskFromQueue task cost before running: 1 min 7 s 633 ms 
[2026-05-09T20:26:02.531] [INFO] debug-file - Finished :entry:default@BuildJS... after 9 ms 
[2026-05-09T20:26:02.535] [DEBUG] debug-file - Executing task :entry:default@CacheNativeLibs
[2026-05-09T20:26:02.537] [DEBUG] debug-file - Task 'entry:default@CacheNativeLibs' cost while wrapping incremental declarations: 2 ms 
[2026-05-09T20:26:02.541] [DEBUG] debug-file - Incremental task entry:default@CacheNativeLibs pre-execution cost: 2 ms .
[2026-05-09T20:26:02.541] [DEBUG] debug-file - entry : default@CacheNativeLibs cost memory 0.10498046875
[2026-05-09T20:26:02.543] [INFO] debug-file - UP-TO-DATE :entry:default@CacheNativeLibs...  
[2026-05-09T20:27:03.468] [WARN] debug-file - [33mWARN: [33m[33mArkTS:WARN File: F:/qq2.0/qqApplication/entry/src/main/ets/pages/Index.ets:8:14
 'replaceUrl' has been deprecated.
[39m[39m
[33mWARN: [33m[33mArkTS:WARN File: F:/qq2.0/qqApplication/entry/src/main/ets/pages/HttpRequest.ets:89:20
 'showToast' has been deprecated.
[39m[39m
[33mWARN: [33m[33mArkTS:WARN File: F:/qq2.0/qqApplication/entry/src/main/ets/pages/HttpRequest.ets:90:14
 'replaceUrl' has been deprecated.
[39m[39m
[33mWARN: [33m[33mArkTS:WARN File: F:/qq2.0/qqApplication/entry/src/main/ets/pages/WsManager.ets:65:5
 Function may throw exceptions. Special handling is required.
[39m[39m
[33mWARN: [33m[33mArkTS:WARN File: F:/qq2.0/qqApplication/entry/src/main/ets/pages/WsManager.ets:65:18
 'showToast' has been deprecated.
[39m[39m
[33mWARN: [33m[33mArkTS:WARN File: F:/qq2.0/qqApplication/entry/src/main/ets/pages/WsManager.ets:66:5
 Function may throw exceptions. Special handling is required.
[39m[39m
[33mWARN: [33m[33mArkTS:WARN File: F:/qq2.0/qqApplication/entry/src/main/ets/pages/WsManager.ets:66:12
 'replaceUrl' has been deprecated.
[39m[39m
[33mWARN: [33m[33mArkTS:WARN File: F:/qq2.0/qqApplication/entry/src/main/ets/pages/LoginPage.ets:18:7
 Function may throw exceptions. Special handling is required.
[39m[39m
[33mWARN: [33m[33mArkTS:WARN File: F:/qq2.0/qqApplication/entry/src/main/ets/pages/LoginPage.ets:18:14
 'replaceUrl' has been deprecated.
[39m[39m
[33mWARN: [33m[33mArkTS:WARN File: F:/qq2.0/qqApplication/entry/src/main/ets/pages/LoginPage.ets:24:7
 Function may throw exceptions. Special handling is required.
[39m[39m
[33mWARN: [33m[33mArkTS:WARN File: F:/qq2.0/qqApplication/entry/src/main/ets/pages/LoginPage.ets:24:20
 'showToast' has been deprecated.
[39m[39m
[33mWARN: [33m[33mArkTS:WARN File: F:/qq2.0/qqApplication/entry/src/main/ets/pages/LoginPage.ets:28:7
 Function may throw exceptions. Special handling is required.
[39m[39m
[33mWARN: [33m[33mArkTS:WARN File: F:/qq2.0/qqApplication/entry/src/main/ets/pages/LoginPage.ets:28:20
 'showToast' has been deprecated.
[39m[39m
[33mWARN: [33m[33mArkTS:WARN File: F:/qq2.0/qqApplication/entry/src/main/ets/pages/LoginPage.ets:36:20
 'showToast' has been deprecated.
[39m[39m
[33mWARN: [33m[33mArkTS:WARN File: F:/qq2.0/qqApplication/entry/src/main/ets/pages/LoginPage.ets:37:14
 'replaceUrl' has been deprecated.
[39m[39m
[33mWARN: [33m[33mArkTS:WARN File: F:/qq2.0/qqApplication/entry/src/main/ets/pages/LoginPage.ets:40:7
 Function may throw exceptions. Special handling is required.
[39m[39m
[33mWARN: [33m[33mArkTS:WARN File: F:/qq2.0/qqApplication/entry/src/main/ets/pages/LoginPage.ets:40:20
 'showToast' has been deprecated.
[39m[39m
[33mWARN: [33m[33mArkTS:WARN File: F:/qq2.0/qqApplication/entry/src/main/ets/pages/LoginPage.ets:63:20
 'back' has been deprecated.
[39m[39m
[33mWARN: [33m[33mArkTS:WARN File: F:/qq2.0/qqApplication/entry/src/main/ets/pages/LoginPage.ets:129:22
 'pushUrl' has been deprecated.
[39m[39m
[33mWARN: [33m[33mArkTS:WARN File: F:/qq2.0/qqApplication/entry/src/main/ets/pages/RegisterPage.ets:24:7
 Function may throw exceptions. Special handling is required.
[39m[39m
[33mWARN: [33m[33mArkTS:WARN File: F:/qq2.0/qqApplication/entry/src/main/ets/pages/RegisterPage.ets:24:20
 'showToast' has been deprecated.
[39m[39m
[33mWARN: [33m[33mArkTS:WARN File: F:/qq2.0/qqApplication/entry/src/main/ets/pages/RegisterPage.ets:33:20
 'showToast' has been deprecated.
[39m[39m
[33mWARN: [33m[33mArkTS:WARN File: F:/qq2.0/qqApplication/entry/src/main/ets/pages/RegisterPage.ets:44:7
 Function may throw exceptions. Special handling is required.
[39m[39m
[33mWARN: [33m[33mArkTS:WARN File: F:/qq2.0/qqApplication/entry/src/main/ets/pages/RegisterPage.ets:44:20
 'showToast' has been deprecated.
[39m[39m
[33mWARN: [33m[33mArkTS:WARN File: F:/qq2.0/qqApplication/entry/src/main/ets/pages/RegisterPage.ets:50:7
 Function may throw exceptions. Special handling is required.
[39m[39m
[33mWARN: [33m[33mArkTS:WARN File: F:/qq2.0/qqApplication/entry/src/main/ets/pages/RegisterPage.ets:50:20
 'showToast' has been deprecated.
[39m[39m
[33mWARN: [33m[33mArkTS:WARN File: F:/qq2.0/qqApplication/entry/src/main/ets/pages/RegisterPage.ets:54:7
 Function may throw exceptions. Special handling is required.
[39m[39m
[33mWARN: [33m[33mArkTS:WARN File: F:/qq2.0/qqApplication/entry/src/main/ets/pages/RegisterPage.ets:54:20
 'showToast' has been deprecated.
[39m[39m
[33mWARN: [33m[33mArkTS:WARN File: F:/qq2.0/qqApplication/entry/src/main/ets/pages/RegisterPage.ets:58:7
 Function may throw exceptions. Special handling is required.
[39m[39m
[33mWARN: [33m[33mArkTS:WARN File: F:/qq2.0/qqApplication/entry/src/main/ets/pages/RegisterPage.ets:58:20
 'showToast' has been deprecated.
[39m[39m
[33mWARN: [33m[33mArkTS:WARN File: F:/qq2.0/qqApplication/entry/src/main/ets/pages/RegisterPage.ets:65:20
 'showToast' has been deprecated.
[39m[39m
[33mWARN: [33m[33mArkTS:WARN File: F:/qq2.0/qqApplication/entry/src/main/ets/pages/RegisterPage.ets:66:14
 'replaceUrl' has been deprecated.
[39m[39m
[33mWARN: [33m[33mArkTS:WARN File: F:/qq2.0/qqApplication/entry/src/main/ets/pages/RegisterPage.ets:69:7
 Function may throw exceptions. Special handling is required.
[39m[39m
[33mWARN: [33m[33mArkTS:WARN File: F:/qq2.0/qqApplication/entry/src/main/ets/pages/RegisterPage.ets:69:20
 'showToast' has been deprecated.
[39m[39m
[33mWARN: [33m[33mArkTS:WARN File: F:/qq2.0/qqApplication/entry/src/main/ets/pages/RegisterPage.ets:92:20
 'back' has been deprecated.
[39m[39m
[33mWARN: [33m[33mArkTS:WARN File: F:/qq2.0/qqApplication/entry/src/main/ets/pages/RegisterPage.ets:182:22
 'replaceUrl' has been deprecated.
[39m[39m
[33mWARN: [33m[33mArkTS:WARN File: F:/qq2.0/qqApplication/entry/src/main/ets/pages/MessagePage.ets:349:20
 'pushUrl' has been deprecated.
[39m[39m
[33mWARN: [33m[33mArkTS:WARN File: F:/qq2.0/qqApplication/entry/src/main/ets/pages/MessagePage.ets:360:22
 'pushUrl' has been deprecated.
[39m[39m
[33mWARN: [33m[33mArkTS:WARN File: F:/qq2.0/qqApplication/entry/src/main/ets/pages/MessagePage.ets:372:24
 'pushUrl' has been deprecated.
[39m[39m
[33mWARN: [33m[33mArkTS:WARN File: F:/qq2.0/qqApplication/entry/src/main/ets/pages/MessagePage.ets:408:16
 'pushUrl' has been deprecated.
[39m[39m
[33mWARN: [33m[33mArkTS:WARN File: F:/qq2.0/qqApplication/entry/src/main/ets/pages/MessagePage.ets:505:22
 'pushUrl' has been deprecated.
[39m[39m
[33mWARN: [33m[33mArkTS:WARN File: F:/qq2.0/qqApplication/entry/src/main/ets/pages/MessagePage.ets:563:18
 'pushUrl' has been deprecated.
[39m[39m
[33mWARN: [33m[33mArkTS:WARN File: F:/qq2.0/qqApplication/entry/src/main/ets/pages/MessagePage.ets:609:18
 'pushUrl' has been deprecated.
[39m[39m
[33mWARN: [33m[33mArkTS:WARN File: F:/qq2.0/qqApplication/entry/src/main/ets/pages/ContactPage.ets:316:20
 'showToast' has been deprecated.
[39m[39m
[33mWARN: [33m[33mArkTS:WARN File: F:/qq2.0/qqApplication/entry/src/main/ets/pages/ContactPage.ets:327:7
 Function may throw exceptions. Special handling is required.
[39m[39m
[33mWARN: [33m[33mArkTS:WARN File: F:/qq2.0/qqApplication/entry/src/main/ets/pages/ContactPage.ets:327:20
 'showToast' has been deprecated.
[39m[39m
[33mWARN: [33m[33mArkTS:WARN File: F:/qq2.0/qqApplication/entry/src/main/ets/pages/ContactPage.ets:342:7
 Function may throw exceptions. Special handling is required.
[39m[39m
[33mWARN: [33m[33mArkTS:WARN File: F:/qq2.0/qqApplication/entry/src/main/ets/pages/ContactPage.ets:342:20
 'showToast' has been deprecated.
[39m[39m
[33mWARN: [33m[33mArkTS:WARN File: F:/qq2.0/qqApplication/entry/src/main/ets/pages/ContactPage.ets:450:20
 'showToast' has been deprecated.
[39m[39m
[33mWARN: [33m[33mArkTS:WARN File: F:/qq2.0/qqApplication/entry/src/main/ets/pages/ContactPage.ets:453:7
 Function may throw exceptions. Special handling is required.
[39m[39m
[33mWARN: [33m[33mArkTS:WARN File: F:/qq2.0/qqApplication/entry/src/main/ets/pages/ContactPage.ets:453:20
 'showToast' has been deprecated.
[39m[39m
[33mWARN: [33m[33mArkTS:WARN File: F:/qq2.0/qqApplication/entry/src/main/ets/pages/ContactPage.ets:462:20
 'showToast' has been deprecated.
[39m[39m
[33mWARN: [33m[33mArkTS:WARN File: F:/qq2.0/qqApplication/entry/src/main/ets/pages/ContactPage.ets:464:7
 Function may throw exceptions. Special handling is required.
[39m[39m
[33mWARN: [33m[33mArkTS:WARN File: F:/qq2.0/qqApplication/entry/src/main/ets/pages/ContactPage.ets:464:20
 'showToast' has been deprecated.
[39m[39m
[33mWARN: [33m[33mArkTS:WARN File: F:/qq2.0/qqApplication/entry/src/main/ets/pages/ContactPage.ets:617:20
 'pushUrl' has been deprecated.
[39m[39m
[33mWARN: [33m[33mArkTS:WARN File: F:/qq2.0/qqApplication/entry/src/main/ets/pages/ContactPage.ets:663:22
 'pushUrl' has been deprecated.
[39m[39m
[33mWARN: [33m[33mArkTS:WARN File: F:/qq2.0/qqApplication/entry/src/main/ets/pages/ContactPage.ets:675:22
 'pushUrl' has been deprecated.
[39m[39m
[33mWARN: [33m[33mArkTS:WARN File: F:/qq2.0/qqApplication/entry/src/main/ets/pages/ContactPage.ets:723:32
 'pushUrl' has been deprecated.
[39m[39m
[33mWARN: [33m[33mArkTS:WARN File: F:/qq2.0/qqApplication/entry/src/main/ets/pages/ContactPage.ets:728:32
 'pushUrl' has been deprecated.
[39m[39m
[33mWARN: [33m[33mArkTS:WARN File: F:/qq2.0/qqApplication/entry/src/main/ets/pages/ContactPage.ets:1165:32
 'pushUrl' has been deprecated.
[39m[39m
[33mWARN: [33m[33mArkTS:WARN File: F:/qq2.0/qqApplication/entry/src/main/ets/pages/ContactPage.ets:1222:32
 'pushUrl' has been deprecated.
[39m[39m
[33mWARN: [33m[33mArkTS:WARN File: F:/qq2.0/qqApplication/entry/src/main/ets/pages/DynamicPage.ets:33:20
 'pushUrl' has been deprecated.
[39m[39m
[33mWARN: [33m[33mArkTS:WARN File: F:/qq2.0/qqApplication/entry/src/main/ets/pages/DynamicPage.ets:122:22
 'pushUrl' has been deprecated.
[39m[39m
[33mWARN: [33m[33mArkTS:WARN File: F:/qq2.0/qqApplication/entry/src/main/ets/pages/ChannelPage.ets:17:7
 'animateTo' has been deprecated.
[39m[39m
[33mWARN: [33m[33mArkTS:WARN File: F:/qq2.0/qqApplication/entry/src/main/ets/pages/ChannelPage.ets:23:9
 'animateTo' has been deprecated.
[39m[39m
[33mWARN: [33m[33mArkTS:WARN File: F:/qq2.0/qqApplication/entry/src/main/ets/pages/ChannelPage.ets:31:5
 'animateTo' has been deprecated.
[39m[39m
[33mWARN: [33m[33mArkTS:WARN File: F:/qq2.0/qqApplication/entry/src/main/ets/pages/ChannelPage.ets:37:5
 'animateTo' has been deprecated.
[39m[39m
[33mWARN: [33m[33mArkTS:WARN File: F:/qq2.0/qqApplication/entry/src/main/ets/pages/ChannelPage.ets:49:20
 'pushUrl' has been deprecated.
[39m[39m
[33mWARN: [33m[33mArkTS:WARN File: F:/qq2.0/qqApplication/entry/src/main/ets/pages/SidebarPage.ets:71:26
 'back' has been deprecated.
[39m[39m
[33mWARN: [33m[33mArkTS:WARN File: F:/qq2.0/qqApplication/entry/src/main/ets/pages/SidebarPage.ets:226:24
 'pushUrl' has been deprecated.
[39m[39m
[33mWARN: [33m[33mArkTS:WARN File: F:/qq2.0/qqApplication/entry/src/main/ets/pages/SidebarPage.ets:228:24
 'pushUrl' has been deprecated.
[39m[39m
[33mWARN: [33m[33mArkTS:WARN File: F:/qq2.0/qqApplication/entry/src/main/ets/pages/SidebarPage.ets:230:24
 'pushUrl' has been deprecated.
[39m[39m
[33mWARN: [33m[33mArkTS:WARN File: F:/qq2.0/qqApplication/entry/src/main/ets/pages/SidebarPage.ets:232:24
 'pushUrl' has been deprecated.
[39m[39m
[33mWARN: [33m[33mArkTS:WARN File: F:/qq2.0/qqApplication/entry/src/main/ets/pages/SidebarPage.ets:234:24
 'pushUrl' has been deprecated.
[39m[39m
[33mWARN: [33m[33mArkTS:WARN File: F:/qq2.0/qqApplication/entry/src/main/ets/pages/SidebarPage.ets:236:24
 'pushUrl' has been deprecated.
[39m[39m
[33mWARN: [33m[33mArkTS:WARN File: F:/qq2.0/qqApplication/entry/src/main/ets/pages/SidebarPage.ets:238:24
 'pushUrl' has been deprecated.
[39m[39m
[33mWARN: [33m[33mArkTS:WARN File: F:/qq2.0/qqApplication/entry/src/main/ets/pages/SidebarPage.ets:259:18
 'pushUrl' has been deprecated.
[39m[39m
[33mWARN: [33m[33mArkTS:WARN File: F:/qq2.0/qqApplication/entry/src/main/ets/pages/SettingsPage.ets:61:20
 'back' has been deprecated.
[39m[39m
[33mWARN: [33m[33mArkTS:WARN File: F:/qq2.0/qqApplication/entry/src/main/ets/pages/SettingsPage.ets:252:26
 'showToast' has been deprecated.
[39m[39m
[33mWARN: [33m[33mArkTS:WARN File: F:/qq2.0/qqApplication/entry/src/main/ets/pages/SettingsPage.ets:253:20
 'replaceUrl' has been deprecated.
[39m[39m
[33mWARN: [33m[33mArkTS:WARN File: F:/qq2.0/qqApplication/entry/src/main/ets/pages/StatusPage.ets:57:22
 'back' has been deprecated.
[39m[39m
[33mWARN: [33m[33mArkTS:WARN File: F:/qq2.0/qqApplication/entry/src/main/ets/pages/StatusPage.ets:114:28
 'back' has been deprecated.
[39m[39m
[33mWARN: [33m[33mArkTS:WARN File: F:/qq2.0/qqApplication/entry/src/main/ets/pages/SearchPage.ets:157:20
 'back' has been deprecated.
[39m[39m
[33mWARN: [33m[33mArkTS:WARN File: F:/qq2.0/qqApplication/entry/src/main/ets/pages/SearchPage.ets:307:28
 'pushUrl' has been deprecated.
[39m[39m
[33mWARN: [33m[33mArkTS:WARN File: F:/qq2.0/qqApplication/entry/src/main/ets/pages/ChatPage.ets:212:7
 Function may throw exceptions. Special handling is required.
[39m[39m
[33mWARN: [33m[33mArkTS:WARN File: F:/qq2.0/qqApplication/entry/src/main/ets/pages/ChatPage.ets:212:14
 'pushUrl' has been deprecated.
[39m[39m
[33mWARN: [33m[33mArkTS:WARN File: F:/qq2.0/qqApplication/entry/src/main/ets/pages/ChatPage.ets:222:7
 Function may throw exceptions. Special handling is required.
[39m[39m
[33mWARN: [33m[33mArkTS:WARN File: F:/qq2.0/qqApplication/entry/src/main/ets/pages/ChatPage.ets:222:14
 'pushUrl' has been deprecated.
[39m[39m
[33mWARN: [33m[33mArkTS:WARN File: F:/qq2.0/qqApplication/entry/src/main/ets/pages/ChatPage.ets:234:27
 'getParams' has been deprecated.
[39m[39m
[33mWARN: [33m[33mArkTS:WARN File: F:/qq2.0/qqApplication/entry/src/main/ets/pages/ChatPage.ets:697:22
 'back' has been deprecated.
[39m[39m
[33mWARN: [33m[33mArkTS:WARN File: F:/qq2.0/qqApplication/entry/src/main/ets/pages/ChatPage.ets:720:22
 'pushUrl' has been deprecated.
[39m[39m
[33mWARN: [33m[33mArkTS:WARN File: F:/qq2.0/qqApplication/entry/src/main/ets/pages/ChatPage.ets:1727:7
 Function may throw exceptions. Special handling is required.
[39m[39m
[33mWARN: [33m[33mArkTS:WARN File: F:/qq2.0/qqApplication/entry/src/main/ets/pages/ChatPage.ets:1727:20
 'showToast' has been deprecated.
[39m[39m
[33mWARN: [33m[33mArkTS:WARN File: F:/qq2.0/qqApplication/entry/src/main/ets/pages/ChatPage.ets:1768:7
 Function may throw exceptions. Special handling is required.
[39m[39m
[33mWARN: [33m[33mArkTS:WARN File: F:/qq2.0/qqApplication/entry/src/main/ets/pages/ChatPage.ets:1768:20
 'showToast' has been deprecated.
[39m[39m
[33mWARN: [33m[33mArkTS:WARN File: F:/qq2.0/qqApplication/entry/src/main/ets/pages/ChatInfoPage.ets:130:27
 'getParams' has been deprecated.
[39m[39m
[33mWARN: [33m[33mArkTS:WARN File: F:/qq2.0/qqApplication/entry/src/main/ets/pages/ChatInfoPage.ets:615:32
 'showToast' has been deprecated.
[39m[39m
[33mWARN: [33m[33mArkTS:WARN File: F:/qq2.0/qqApplication/entry/src/main/ets/pages/ChatInfoPage.ets:618:32
 'showToast' has been deprecated.
[39m[39m
[33mWARN: [33m[33mArkTS:WARN File: F:/qq2.0/qqApplication/entry/src/main/ets/pages/ChatInfoPage.ets:704:42
 'showToast' has been deprecated.
[39m[39m
[33mWARN: [33m[33mArkTS:WARN File: F:/qq2.0/qqApplication/entry/src/main/ets/pages/ChatInfoPage.ets:706:42
 'showToast' has been deprecated.
[39m[39m
[33mWARN: [33m[33mArkTS:WARN File: F:/qq2.0/qqApplication/entry/src/main/ets/pages/ChatInfoPage.ets:717:42
 'showToast' has been deprecated.
[39m[39m
[33mWARN: [33m[33mArkTS:WARN File: F:/qq2.0/qqApplication/entry/src/main/ets/pages/ChatInfoPage.ets:719:42
 'showToast' has been deprecated.
[39m[39m
[33mWARN: [33m[33mArkTS:WARN File: F:/qq2.0/qqApplication/entry/src/main/ets/pages/ChatInfoPage.ets:748:20
 'back' has been deprecated.
[39m[39m
[33mWARN: [33m[33mArkTS:WARN File: F:/qq2.0/qqApplication/entry/src/main/ets/pages/ChatInfoPage.ets:802:28
 'pushUrl' has been deprecated.
[39m[39m
[33mWARN: [33m[33mArkTS:WARN File: F:/qq2.0/qqApplication/entry/src/main/ets/pages/ChatInfoPage.ets:957:29
 'show' has been deprecated.
[39m[39m
[33mWARN: [33m[33mArkTS:WARN File: F:/qq2.0/qqApplication/entry/src/main/ets/pages/ChatInfoPage.ets:970:38
 'showToast' has been deprecated.
[39m[39m
[33mWARN: [33m[33mArkTS:WARN File: F:/qq2.0/qqApplication/entry/src/main/ets/pages/ChatInfoPage.ets:972:32
 'back' has been deprecated.
[39m[39m
[33mWARN: [33m[33mArkTS:WARN File: F:/qq2.0/qqApplication/entry/src/main/ets/pages/ChatInfoPage.ets:974:38
 'showToast' has been deprecated.
[39m[39m
[33mWARN: [33m[33mArkTS:WARN File: F:/qq2.0/qqApplication/entry/src/main/ets/pages/ChatInfoPage.ets:990:29
 'show' has been deprecated.
[39m[39m
[33mWARN: [33m[33mArkTS:WARN File: F:/qq2.0/qqApplication/entry/src/main/ets/pages/ChatInfoPage.ets:1003:38
 'showToast' has been deprecated.
[39m[39m
[33mWARN: [33m[33mArkTS:WARN File: F:/qq2.0/qqApplication/entry/src/main/ets/pages/ChatInfoPage.ets:1005:32
 'back' has been deprecated.
[39m[39m
[33mWARN: [33m[33mArkTS:WARN File: F:/qq2.0/qqApplication/entry/src/main/ets/pages/ChatInfoPage.ets:1007:38
 'showToast' has been deprecated.
[39m[39m
[33mWARN: [33m[33mArkTS:WARN File: F:/qq2.0/qqApplication/entry/src/main/ets/pages/ContactDetailPage.ets:68:27
 'getParams' has been deprecated.
[39m[39m
[33mWARN: [33m[33mArkTS:WARN File: F:/qq2.0/qqApplication/entry/src/main/ets/pages/ContactDetailPage.ets:386:20
 'pushUrl' has been deprecated.
[39m[39m
[33mWARN: [33m[33mArkTS:WARN File: F:/qq2.0/qqApplication/entry/src/main/ets/pages/ContactDetailPage.ets:451:22
 'back' has been deprecated.
[39m[39m
[33mWARN: [33m[33mArkTS:WARN File: F:/qq2.0/qqApplication/entry/src/main/ets/pages/ContactDetailPage.ets:616:38
 'showToast' has been deprecated.
[39m[39m
[33mWARN: [33m[33mArkTS:WARN File: F:/qq2.0/qqApplication/entry/src/main/ets/pages/ContactDetailPage.ets:618:38
 'showToast' has been deprecated.
[39m[39m
[33mWARN: [33m[33mArkTS:WARN File: F:/qq2.0/qqApplication/entry/src/main/ets/pages/ContactDetailPage.ets:621:32
 'SetOrCreate' has been deprecated.
[39m[39m
[33mWARN: [33m[33mArkTS:WARN File: F:/qq2.0/qqApplication/entry/src/main/ets/pages/ContactDetailPage.ets:622:28
 'back' has been deprecated.
[39m[39m
[33mWARN: [33m[33mArkTS:WARN File: F:/qq2.0/qqApplication/entry/src/main/ets/pages/DynamicSubPage.ets:138:27
 'getParams' has been deprecated.
[39m[39m
[33mWARN: [33m[33mArkTS:WARN File: F:/qq2.0/qqApplication/entry/src/main/ets/pages/DynamicSubPage.ets:272:7
 Function may throw exceptions. Special handling is required.
[39m[39m
[33mWARN: [33m[33mArkTS:WARN File: F:/qq2.0/qqApplication/entry/src/main/ets/pages/DynamicSubPage.ets:272:20
 'showToast' has been deprecated.
[39m[39m
[33mWARN: [33m[33mArkTS:WARN File: F:/qq2.0/qqApplication/entry/src/main/ets/pages/DynamicSubPage.ets:319:20
 'showToast' has been deprecated.
[39m[39m
[33mWARN: [33m[33mArkTS:WARN File: F:/qq2.0/qqApplication/entry/src/main/ets/pages/DynamicSubPage.ets:321:7
 Function may throw exceptions. Special handling is required.
[39m[39m
[33mWARN: [33m[33mArkTS:WARN File: F:/qq2.0/qqApplication/entry/src/main/ets/pages/DynamicSubPage.ets:321:20
 'showToast' has been deprecated.
[39m[39m
[33mWARN: [33m[33mArkTS:WARN File: F:/qq2.0/qqApplication/entry/src/main/ets/pages/DynamicSubPage.ets:661:20
 'back' has been deprecated.
[39m[39m
[33mWARN: [33m[33mArkTS:WARN File: F:/qq2.0/qqApplication/entry/src/main/ets/pages/AddPage.ets:44:27
 'getParams' has been deprecated.
[39m[39m
[33mWARN: [33m[33mArkTS:WARN File: F:/qq2.0/qqApplication/entry/src/main/ets/pages/AddPage.ets:132:22
 'showToast' has been deprecated.
[39m[39m
[33mWARN: [33m[33mArkTS:WARN File: F:/qq2.0/qqApplication/entry/src/main/ets/pages/AddPage.ets:140:20
 'showToast' has been deprecated.
[39m[39m
[33mWARN: [33m[33mArkTS:WARN File: F:/qq2.0/qqApplication/entry/src/main/ets/pages/AddPage.ets:142:7
 Function may throw exceptions. Special handling is required.
[39m[39m
[33mWARN: [33m[33mArkTS:WARN File: F:/qq2.0/qqApplication/entry/src/main/ets/pages/AddPage.ets:142:20
 'showToast' has been deprecated.
[39m[39m
[33mWARN: [33m[33mArkTS:WARN File: F:/qq2.0/qqApplication/entry/src/main/ets/pages/AddPage.ets:159:20
 'showToast' has been deprecated.
[39m[39m
[33mWARN: [33m[33mArkTS:WARN File: F:/qq2.0/qqApplication/entry/src/main/ets/pages/AddPage.ets:161:7
 Function may throw exceptions. Special handling is required.
[39m[39m
[33mWARN: [33m[33mArkTS:WARN File: F:/qq2.0/qqApplication/entry/src/main/ets/pages/AddPage.ets:161:20
 'showToast' has been deprecated.
[39m[39m
[33mWARN: [33m[33mArkTS:WARN File: F:/qq2.0/qqApplication/entry/src/main/ets/pages/AddPage.ets:172:20
 'back' has been deprecated.
[39m[39m
[33mWARN: [33m[33mArkTS:WARN File: F:/qq2.0/qqApplication/entry/src/main/ets/pages/CreateGroupPage.ets:86:7
 Function may throw exceptions. Special handling is required.
[39m[39m
[33mWARN: [33m[33mArkTS:WARN File: F:/qq2.0/qqApplication/entry/src/main/ets/pages/CreateGroupPage.ets:86:20
 'showToast' has been deprecated.
[39m[39m
[33mWARN: [33m[33mArkTS:WARN File: F:/qq2.0/qqApplication/entry/src/main/ets/pages/CreateGroupPage.ets:139:7
 Function may throw exceptions. Special handling is required.
[39m[39m
[33mWARN: [33m[33mArkTS:WARN File: F:/qq2.0/qqApplication/entry/src/main/ets/pages/CreateGroupPage.ets:139:20
 'showToast' has been deprecated.
[39m[39m
[33mWARN: [33m[33mArkTS:WARN File: F:/qq2.0/qqApplication/entry/src/main/ets/pages/CreateGroupPage.ets:160:24
 'showToast' has been deprecated.
[39m[39m
[33mWARN: [33m[33mArkTS:WARN File: F:/qq2.0/qqApplication/entry/src/main/ets/pages/CreateGroupPage.ets:162:24
 'showToast' has been deprecated.
[39m[39m
[33mWARN: [33m[33mArkTS:WARN File: F:/qq2.0/qqApplication/entry/src/main/ets/pages/CreateGroupPage.ets:165:16
 'replaceUrl' has been deprecated.
[39m[39m
[33mWARN: [33m[33mArkTS:WARN File: F:/qq2.0/qqApplication/entry/src/main/ets/pages/CreateGroupPage.ets:176:7
 Function may throw exceptions. Special handling is required.
[39m[39m
[33mWARN: [33m[33mArkTS:WARN File: F:/qq2.0/qqApplication/entry/src/main/ets/pages/CreateGroupPage.ets:176:20
 'showToast' has been deprecated.
[39m[39m
[33mWARN: [33m[33mArkTS:WARN File: F:/qq2.0/qqApplication/entry/src/main/ets/pages/CreateGroupPage.ets:235:20
 'back' has been deprecated.
[39m[39m
[33mWARN: [33m[33mArkTS:WARN File: F:/qq2.0/qqApplication/entry/src/main/ets/pages/InviteFriendsPage.ets:38:27
 'getParams' has been deprecated.
[39m[39m
[33mWARN: [33m[33mArkTS:WARN File: F:/qq2.0/qqApplication/entry/src/main/ets/pages/InviteFriendsPage.ets:92:7
 Function may throw exceptions. Special handling is required.
[39m[39m
[33mWARN: [33m[33mArkTS:WARN File: F:/qq2.0/qqApplication/entry/src/main/ets/pages/InviteFriendsPage.ets:92:20
 'showToast' has been deprecated.
[39m[39m
[33mWARN: [33m[33mArkTS:WARN File: F:/qq2.0/qqApplication/entry/src/main/ets/pages/InviteFriendsPage.ets:147:7
 Function may throw exceptions. Special handling is required.
[39m[39m
[33mWARN: [33m[33mArkTS:WARN File: F:/qq2.0/qqApplication/entry/src/main/ets/pages/InviteFriendsPage.ets:147:20
 'showToast' has been deprecated.
[39m[39m
[33mWARN: [33m[33mArkTS:WARN File: F:/qq2.0/qqApplication/entry/src/main/ets/pages/InviteFriendsPage.ets:159:20
 'showToast' has been deprecated.
[39m[39m
[33mWARN: [33m[33mArkTS:WARN File: F:/qq2.0/qqApplication/entry/src/main/ets/pages/InviteFriendsPage.ets:161:14
 'back' has been deprecated.
[39m[39m
[33mWARN: [33m[33mArkTS:WARN File: F:/qq2.0/qqApplication/entry/src/main/ets/pages/InviteFriendsPage.ets:163:7
 Function may throw exceptions. Special handling is required.
[39m[39m
[33mWARN: [33m[33mArkTS:WARN File: F:/qq2.0/qqApplication/entry/src/main/ets/pages/InviteFriendsPage.ets:163:20
 'showToast' has been deprecated.
[39m[39m
[33mWARN: [33m[33mArkTS:WARN File: F:/qq2.0/qqApplication/entry/src/main/ets/pages/InviteFriendsPage.ets:176:20
 'back' has been deprecated.
[39m[39m

[2026-05-09T20:27:03.469] [DEBUG] debug-file - Ark compile task finished.finished time is 367047089330600
[2026-05-09T20:27:03.471] [DEBUG] debug-file - worker[4] has one work done.
[2026-05-09T20:27:03.475] [DEBUG] debug-file - default@CompileArkTS work[0] done.
[2026-05-09T20:27:03.476] [DEBUG] debug-file - A work dispatched to worker[4] failed because unable to get work from ready queue.
[2026-05-09T20:27:03.478] [INFO] debug-file - Finished :entry:default@CompileArkTS... after 53 s 827 ms 
[2026-05-09T20:27:03.480] [DEBUG] debug-file - Executing task :entry:default@GeneratePkgModuleJson
[2026-05-09T20:27:03.481] [DEBUG] debug-file - File: 'F:\qq2.0\qqApplication\entry\build\default\intermediates\preload\default\preload.json' from 'preloadSoJsonPath' is not exists, just ignore.
[2026-05-09T20:27:03.483] [DEBUG] debug-file - Error occurs while handling @Input 'shouldDeduplicateHar': The "data" argument must be of type string or an instance of Buffer, TypedArray, or DataView. Received undefined
[2026-05-09T20:27:03.483] [DEBUG] debug-file - Task 'entry:default@GeneratePkgModuleJson' cost while wrapping incremental declarations: 3 ms 
[2026-05-09T20:27:03.484] [DEBUG] debug-file - entry:default@GeneratePkgModuleJson is not up-to-date, since the input file 'F:\qq2.0\qqApplication\entry\build\default\intermediates\res\default\module.json' has been changed.
[2026-05-09T20:27:03.485] [DEBUG] debug-file - Incremental task entry:default@GeneratePkgModuleJson pre-execution cost: 2 ms .
[2026-05-09T20:27:03.489] [DEBUG] debug-file - entry : default@GeneratePkgModuleJson cost memory 0.3142852783203125
[2026-05-09T20:27:03.490] [DEBUG] debug-file - runTaskFromQueue task cost before running: 2 min 8 s 592 ms 
[2026-05-09T20:27:03.490] [INFO] debug-file - Finished :entry:default@GeneratePkgModuleJson... after 10 ms 
[2026-05-09T20:27:03.492] [DEBUG] debug-file - Executing task :entry:default@ProcessCompiledResources
[2026-05-09T20:27:03.493] [DEBUG] debug-file - File: 'F:\qq2.0\qqApplication\entry\build\default\intermediates\preload\default\preload.json' from 'preloadSoJsonPath' is not exists, just ignore.
[2026-05-09T20:27:03.493] [DEBUG] debug-file - Task 'entry:default@ProcessCompiledResources' cost while wrapping incremental declarations: 1 ms 
[2026-05-09T20:27:03.493] [DEBUG] debug-file - entry : default@ProcessCompiledResources cost memory 0.062896728515625
[2026-05-09T20:27:03.493] [DEBUG] debug-file - runTaskFromQueue task cost before running: 2 min 8 s 596 ms 
[2026-05-09T20:27:03.494] [INFO] debug-file - Finished :entry:default@ProcessCompiledResources... after 2 ms 
[2026-05-09T20:27:03.499] [DEBUG] debug-file - Executing task :entry:default@PackageHap
[2026-05-09T20:27:03.503] [DEBUG] debug-file - entry:default@PackageHap is not up-to-date, since the input file 'F:\qq2.0\qqApplication\entry\build\default\intermediates\res\default\module.json' has been changed.
[2026-05-09T20:27:03.503] [DEBUG] debug-file - Incremental task entry:default@PackageHap pre-execution cost: 3 ms .
[2026-05-09T20:27:03.506] [DEBUG] debug-file - Use tool [E:\DevEco Studio\sdk\default\openharmony\toolchains\lib\app_packing_tool.jar]
 [
  'java',
  '-Dfile.encoding=GBK',
  '-jar',
  'E:\\DevEco Studio\\sdk\\default\\openharmony\\toolchains\\lib\\app_packing_tool.jar',
  '--mode',
  'hap',
  '--force',
  'true',
  '--lib-path',
  'F:\\qq2.0\\qqApplication\\entry\\build\\default\\intermediates\\stripped_native_libs\\default',
  '--json-path',
  'F:\\qq2.0\\qqApplication\\entry\\build\\default\\intermediates\\package\\default\\module.json',
  '--resources-path',
  'F:\\qq2.0\\qqApplication\\entry\\build\\default\\intermediates\\res\\default\\resources',
  '--index-path',
  'F:\\qq2.0\\qqApplication\\entry\\build\\default\\intermediates\\res\\default\\resources.index',
  '--pack-info-path',
  'F:\\qq2.0\\qqApplication\\entry\\build\\default\\outputs\\default\\pack.info',
  '--out-path',
  'F:\\qq2.0\\qqApplication\\entry\\build\\default\\outputs\\default\\entry-default-unsigned.hap',
  '--ets-path',
  'F:\\qq2.0\\qqApplication\\entry\\build\\default\\intermediates\\loader_out\\default\\ets',
  '--pkg-context-path',
  'F:\\qq2.0\\qqApplication\\entry\\build\\default\\intermediates\\loader\\default\\pkgContextInfo.json'
]
[2026-05-09T20:27:04.187] [DEBUG] debug-file - java daemon socket received message:{"code":0,"message":"pack success"}
[2026-05-09T20:27:04.200] [DEBUG] debug-file - entry : default@PackageHap cost memory 0.6083450317382812
[2026-05-09T20:27:04.200] [DEBUG] debug-file - runTaskFromQueue task cost before running: 2 min 9 s 302 ms 
[2026-05-09T20:27:04.202] [INFO] debug-file - Finished :entry:default@PackageHap... after 702 ms 
[2026-05-09T20:27:04.204] [DEBUG] debug-file - Executing task :entry:default@PackingCheck
[2026-05-09T20:27:04.217] [DEBUG] debug-file - entry : default@PackingCheck cost memory -0.055267333984375
[2026-05-09T20:27:04.217] [DEBUG] debug-file - runTaskFromQueue task cost before running: 2 min 9 s 319 ms 
[2026-05-09T20:27:04.217] [INFO] debug-file - Finished :entry:default@PackingCheck... after 13 ms 
[2026-05-09T20:27:04.220] [DEBUG] debug-file - Executing task :entry:default@SignHap
[2026-05-09T20:27:04.220] [WARN] debug-file - Will skip sign 'hos_hap'. No signingConfigs profile is configured in current project.
             If needed, configure the signingConfigs in F:\qq2.0\qqApplication\build-profile.json5.
[2026-05-09T20:27:04.221] [DEBUG] debug-file - entry:default@SignHap is not up-to-date, since the input file 'F:\qq2.0\qqApplication\entry\build\default\outputs\default\entry-default-unsigned.hap' has been changed.
[2026-05-09T20:27:04.222] [DEBUG] debug-file - Incremental task entry:default@SignHap pre-execution cost: 1 ms .
[2026-05-09T20:27:04.223] [DEBUG] debug-file - entry : default@SignHap cost memory 0.11133575439453125
[2026-05-09T20:27:04.223] [DEBUG] debug-file - runTaskFromQueue task cost before running: 2 min 9 s 325 ms 
[2026-05-09T20:27:04.223] [INFO] debug-file - Finished :entry:default@SignHap... after 3 ms 
[2026-05-09T20:27:04.225] [DEBUG] debug-file - Executing task :entry:default@CollectDebugSymbol
[2026-05-09T20:27:04.226] [DEBUG] debug-file - entry : default@CollectDebugSymbol cost memory 0.08544158935546875
[2026-05-09T20:27:04.227] [DEBUG] debug-file - runTaskFromQueue task cost before running: 2 min 9 s 329 ms 
[2026-05-09T20:27:04.227] [INFO] debug-file - Finished :entry:default@CollectDebugSymbol... after 2 ms 
[2026-05-09T20:27:04.227] [DEBUG] debug-file - Executing task :entry:assembleHap
[2026-05-09T20:27:04.227] [DEBUG] debug-file - entry : assembleHap cost memory 0.01444244384765625
[2026-05-09T20:27:04.227] [DEBUG] debug-file - runTaskFromQueue task cost before running: 2 min 9 s 330 ms 
[2026-05-09T20:27:04.228] [INFO] debug-file - Finished :entry:assembleHap... after 1 ms 
[2026-05-09T20:27:04.243] [INFO] debug-file - BUILD SUCCESSFUL in 2 min 9 s 345 ms 
[2026-05-09T20:27:04.244] [DEBUG] debug-file - Update task entry:default@PreBuild input file:F:\qq2.0\qqApplication\AppScope\app.json5 cache by regenerate.
[2026-05-09T20:27:04.245] [DEBUG] debug-file - Update task entry:default@PreBuild input file:F:\qq2.0\qqApplication\entry\src\main\module.json5 cache by regenerate.
[2026-05-09T20:27:04.246] [DEBUG] debug-file - Update task entry:default@PreBuild input file:F:\qq2.0\qqApplication\build-profile.json5 cache by regenerate.
[2026-05-09T20:27:04.246] [DEBUG] debug-file - Update task entry:default@PreBuild input file:F:\qq2.0\qqApplication\entry\build-profile.json5 cache by regenerate.
[2026-05-09T20:27:04.246] [DEBUG] debug-file - Update task entry:default@PreBuild input file:F:\qq2.0\qqApplication\entry\src\main\resources\base\profile\main_pages.json cache from map.
[2026-05-09T20:27:04.246] [DEBUG] debug-file - Update task entry:default@PreBuild input file:F:\qq2.0\qqApplication\hvigor\hvigor-config.json5 cache by regenerate.
[2026-05-09T20:27:04.246] [DEBUG] debug-file - Update task entry:default@PreBuild input file:F:\qq2.0\qqApplication\entry\src\mock\mock-config.json5 cache by regenerate.
[2026-05-09T20:27:04.247] [DEBUG] debug-file - Update task entry:default@PreBuild input file:F:\qq2.0\qqApplication\entry\oh-package.json5 cache by regenerate.
[2026-05-09T20:27:04.247] [DEBUG] debug-file - Update task entry:default@PreBuild input file:F:\qq2.0\qqApplication\oh-package.json5 cache by regenerate.
[2026-05-09T20:27:04.247] [DEBUG] debug-file - Incremental task entry:default@PreBuild post-execution cost:4 ms .
[2026-05-09T20:27:04.247] [DEBUG] debug-file - Update task entry:default@CreateModuleInfo output file:F:\qq2.0\qqApplication\entry\build\default\generated\profile\default\ModuleInfo.ts cache.
[2026-05-09T20:27:04.248] [DEBUG] debug-file - Incremental task entry:default@CreateModuleInfo post-execution cost:1 ms .
[2026-05-09T20:27:04.248] [DEBUG] debug-file - There is no need to refresh cache, since the incremental task entry:default@GenerateMetadata is up-to-date.
[2026-05-09T20:27:04.248] [DEBUG] debug-file - There is no need to refresh cache, since the incremental task entry:default@MergeProfile is up-to-date.
[2026-05-09T20:27:04.248] [DEBUG] debug-file - There is no need to refresh cache, since the incremental task entry:default@CreateBuildProfile is up-to-date.
[2026-05-09T20:27:04.248] [DEBUG] debug-file - There is no need to refresh cache, since the incremental task entry:default@GeneratePkgContextInfo is up-to-date.
[2026-05-09T20:27:04.248] [DEBUG] debug-file - Update task entry:default@ProcessIntegratedHsp output file:F:\qq2.0\qqApplication\build\cache\default\integrated_hsp\integratedHspCache.json cache.
[2026-05-09T20:27:04.248] [DEBUG] debug-file - Incremental task entry:default@ProcessIntegratedHsp post-execution cost:1 ms .
[2026-05-09T20:27:04.249] [DEBUG] debug-file - There is no need to refresh cache, since the incremental task entry:default@MakePackInfo is up-to-date.
[2026-05-09T20:27:04.249] [DEBUG] debug-file - Update task entry:default@SyscapTransform input file:E:\DevEco Studio\sdk\default\openharmony\toolchains\syscap_tool.exe cache by regenerate.
[2026-05-09T20:27:04.249] [DEBUG] debug-file - Update task entry:default@SyscapTransform input file:E:\DevEco Studio\sdk\default\openharmony\ets\api\device-define cache by regenerate.
[2026-05-09T20:27:04.250] [DEBUG] debug-file - Update task entry:default@SyscapTransform output file:F:\qq2.0\qqApplication\entry\build\default\intermediates\syscap\default\rpcid.sc cache.
[2026-05-09T20:27:04.250] [DEBUG] debug-file - Incremental task entry:default@SyscapTransform post-execution cost:2 ms .
[2026-05-09T20:27:04.250] [DEBUG] debug-file - There is no need to refresh cache, since the incremental task entry:default@ProcessProfile is up-to-date.
[2026-05-09T20:27:04.250] [DEBUG] debug-file - There is no need to refresh cache, since the incremental task entry:default@ProcessRouterMap is up-to-date.
[2026-05-09T20:27:04.250] [DEBUG] debug-file - There is no need to refresh cache, since the incremental task entry:default@ProcessShareConfig is up-to-date.
[2026-05-09T20:27:04.251] [DEBUG] debug-file - Update task entry:default@ProcessStartupConfig input file:F:\qq2.0\qqApplication\entry\build\default\intermediates\loader\default\pkgContextInfo.json cache by regenerate.
[2026-05-09T20:27:04.251] [DEBUG] debug-file - Update task entry:default@ProcessStartupConfig output file:F:\qq2.0\qqApplication\entry\build\default\intermediates\startup\default\startup_config.json cache.
[2026-05-09T20:27:04.251] [DEBUG] debug-file - Incremental task entry:default@ProcessStartupConfig post-execution cost:1 ms .
[2026-05-09T20:27:04.251] [DEBUG] debug-file - There is no need to refresh cache, since the incremental task entry:default@ProcessResource is up-to-date.
[2026-05-09T20:27:04.251] [DEBUG] debug-file - There is no need to refresh cache, since the incremental task entry:default@GenerateLoaderJson is up-to-date.
[2026-05-09T20:27:04.251] [DEBUG] debug-file - There is no need to refresh cache, since the incremental task entry:default@ProcessLibs is up-to-date.
[2026-05-09T20:27:04.252] [DEBUG] debug-file - Update task entry:default@CompileResource input file:F:\qq2.0\qqApplication\entry\src\main\resources cache from map.
[2026-05-09T20:27:04.252] [DEBUG] debug-file - Update task entry:default@CompileResource input file:F:\qq2.0\qqApplication\AppScope\resources cache by regenerate.
[2026-05-09T20:27:04.254] [DEBUG] debug-file - Update task entry:default@CompileResource input file:F:\qq2.0\qqApplication\entry\build\default\intermediates\process_profile\default\module.json cache by regenerate.
[2026-05-09T20:27:04.254] [DEBUG] debug-file - Update task entry:default@CompileResource input file:F:\qq2.0\qqApplication\entry\build\default\intermediates\res\default\resConfig.json cache by regenerate.
[2026-05-09T20:27:04.254] [DEBUG] debug-file - Update task entry:default@CompileResource output file:F:\qq2.0\qqApplication\entry\build\default\intermediates\res\default cache.
[2026-05-09T20:27:04.258] [DEBUG] debug-file - Update task entry:default@CompileResource output file:F:\qq2.0\qqApplication\entry\build\default\generated\r\default\ResourceTable.h cache.
[2026-05-09T20:27:04.258] [DEBUG] debug-file - Update task entry:default@CompileResource output file:F:\qq2.0\qqApplication\entry\build\default\generated\r\default cache.
[2026-05-09T20:27:04.259] [DEBUG] debug-file - Incremental task entry:default@CompileResource post-execution cost:8 ms .
[2026-05-09T20:27:04.259] [DEBUG] debug-file - There is no need to refresh cache, since the incremental task entry:default@DoNativeStrip is up-to-date.
[2026-05-09T20:27:04.260] [DEBUG] debug-file - Update task entry:default@CompileArkTS input file:F:\qq2.0\qqApplication\entry\build\default\intermediates\loader\default cache by regenerate.
[2026-05-09T20:27:04.260] [DEBUG] debug-file - Update task entry:default@CompileArkTS input file:F:\qq2.0\qqApplication\entry\build\default\intermediates\res\default\resources\rawfile cache by regenerate.
[2026-05-09T20:27:04.261] [DEBUG] debug-file - Update task entry:default@CompileArkTS input file:F:\qq2.0\qqApplication\entry\build\default\intermediates\res\default\ResourceTable.txt cache from map.
[2026-05-09T20:27:04.262] [DEBUG] debug-file - Update task entry:default@CompileArkTS input file:F:\qq2.0\qqApplication\entry\build\default\intermediates\res\default\ark_module.json cache by regenerate.
[2026-05-09T20:27:04.262] [DEBUG] debug-file - Update task entry:default@CompileArkTS input file:F:\qq2.0\qqApplication\entry\build\default\intermediates\res\default\resources\base\profile cache by regenerate.
[2026-05-09T20:27:04.262] [DEBUG] debug-file - Update task entry:default@CompileArkTS input file:F:\qq2.0\qqApplication\entry\src\main\ets cache by regenerate.
[2026-05-09T20:27:04.265] [DEBUG] debug-file - Update task entry:default@CompileArkTS input file:F:\qq2.0\qqApplication\entry\build\default\intermediates\loader\default\pkgContextInfo.json cache by regenerate.
[2026-05-09T20:27:04.265] [DEBUG] debug-file - Update task entry:default@CompileArkTS input file:F:\qq2.0\qqApplication\entry\build\default\generated\profile\default\BuildProfile.ets cache by regenerate.
[2026-05-09T20:27:04.266] [DEBUG] debug-file - Update task entry:default@CompileArkTS input file:F:\qq2.0\qqApplication\entry\src\mock\mock-config.json5 cache by regenerate.
[2026-05-09T20:27:04.266] [DEBUG] debug-file - Update task entry:default@CompileArkTS output file:F:\qq2.0\qqApplication\entry\build\default\intermediates\loader_out\default\ets cache.
[2026-05-09T20:27:04.267] [DEBUG] debug-file - Incremental task entry:default@CompileArkTS post-execution cost:8 ms .
[2026-05-09T20:27:04.267] [DEBUG] debug-file - Update task entry:default@BuildJS input file:F:\qq2.0\qqApplication\entry\build\default\intermediates\loader\default cache by regenerate.
[2026-05-09T20:27:04.268] [DEBUG] debug-file - Update task entry:default@BuildJS input file:F:\qq2.0\qqApplication\entry\build\default\intermediates\res\default\resources\rawfile cache by regenerate.
[2026-05-09T20:27:04.268] [DEBUG] debug-file - Update task entry:default@BuildJS input file:F:\qq2.0\qqApplication\entry\build\default\intermediates\res\default\ResourceTable.txt cache by regenerate.
[2026-05-09T20:27:04.269] [DEBUG] debug-file - Update task entry:default@BuildJS input file:F:\qq2.0\qqApplication\entry\build\default\intermediates\res\default\ark_module.json cache by regenerate.
[2026-05-09T20:27:04.270] [DEBUG] debug-file - Update task entry:default@BuildJS input file:F:\qq2.0\qqApplication\entry\build\default\intermediates\res\default\resources\base\profile cache by regenerate.
[2026-05-09T20:27:04.270] [DEBUG] debug-file - Update task entry:default@BuildJS input file:F:\qq2.0\qqApplication\entry\build\default\intermediates\loader\default\pkgContextInfo.json cache by regenerate.
[2026-05-09T20:27:04.271] [DEBUG] debug-file - Update task entry:default@BuildJS output file:F:\qq2.0\qqApplication\entry\build\default\intermediates\loader_out\default\js cache.
[2026-05-09T20:27:04.271] [DEBUG] debug-file - Incremental task entry:default@BuildJS post-execution cost:5 ms .
[2026-05-09T20:27:04.271] [DEBUG] debug-file - There is no need to refresh cache, since the incremental task entry:default@CacheNativeLibs is up-to-date.
[2026-05-09T20:27:04.271] [DEBUG] debug-file - Update task entry:default@GeneratePkgModuleJson input file:F:\qq2.0\qqApplication\entry\build\default\intermediates\res\default\module.json cache from map.
[2026-05-09T20:27:04.271] [DEBUG] debug-file - Update task entry:default@GeneratePkgModuleJson output file:F:\qq2.0\qqApplication\entry\build\default\intermediates\package\default\module.json cache.
[2026-05-09T20:27:04.271] [DEBUG] debug-file - Incremental task entry:default@GeneratePkgModuleJson post-execution cost:1 ms .
[2026-05-09T20:27:04.272] [DEBUG] debug-file - Incremental task entry:default@ProcessCompiledResources post-execution cost:1 ms .
[2026-05-09T20:27:04.272] [DEBUG] debug-file - Update task entry:default@PackageHap input file:F:\qq2.0\qqApplication\entry\build\default\intermediates\stripped_native_libs\default cache by regenerate.
[2026-05-09T20:27:04.272] [DEBUG] debug-file - Update task entry:default@PackageHap input file:F:\qq2.0\qqApplication\entry\build\default\intermediates\res\default\module.json cache from map.
[2026-05-09T20:27:04.272] [DEBUG] debug-file - Update task entry:default@PackageHap input file:F:\qq2.0\qqApplication\entry\build\default\intermediates\res\default\resources cache by regenerate.
[2026-05-09T20:27:04.273] [DEBUG] debug-file - Update task entry:default@PackageHap input file:F:\qq2.0\qqApplication\entry\build\default\intermediates\res\default\resources.index cache by regenerate.
[2026-05-09T20:27:04.273] [DEBUG] debug-file - Update task entry:default@PackageHap input file:F:\qq2.0\qqApplication\entry\build\default\outputs\default\pack.info cache by regenerate.
[2026-05-09T20:27:04.274] [DEBUG] debug-file - Update task entry:default@PackageHap input file:F:\qq2.0\qqApplication\entry\build\default\intermediates\loader_out\default\ets cache by regenerate.
[2026-05-09T20:27:04.274] [DEBUG] debug-file - Update task entry:default@PackageHap input file:F:\qq2.0\qqApplication\entry\build\default\intermediates\loader\default\pkgContextInfo.json cache by regenerate.
[2026-05-09T20:27:04.274] [DEBUG] debug-file - Update task entry:default@PackageHap input file:F:\qq2.0\qqApplication\entry\build\default\intermediates\loader_out\default\ets\sourceMaps.map cache by regenerate.
[2026-05-09T20:27:04.274] [DEBUG] debug-file - Update task entry:default@PackageHap input file:F:\qq2.0\qqApplication\entry\build\default\generated\profile\default\BuildProfile.ets cache by regenerate.
[2026-05-09T20:27:04.275] [DEBUG] debug-file - Update task entry:default@PackageHap output file:F:\qq2.0\qqApplication\entry\build\default\outputs\default\entry-default-unsigned.hap cache.
[2026-05-09T20:27:04.275] [DEBUG] debug-file - Update task entry:default@PackageHap output file:F:\qq2.0\qqApplication\entry\build\default\intermediates\source_map\default\sourceMaps.map cache.
[2026-05-09T20:27:04.275] [DEBUG] debug-file - Update task entry:default@PackageHap output file:F:\qq2.0\qqApplication\entry\build\default\outputs\default\mapping\sourceMaps.map cache.
[2026-05-09T20:27:04.275] [DEBUG] debug-file - Incremental task entry:default@PackageHap post-execution cost:4 ms .
[2026-05-09T20:27:04.275] [DEBUG] debug-file - Update task entry:default@SignHap input file:F:\qq2.0\qqApplication\entry\build\default\outputs\default\entry-default-unsigned.hap cache from map.
[2026-05-09T20:27:04.276] [DEBUG] debug-file - Update task entry:default@SignHap output file:F:\qq2.0\qqApplication\entry\build\default\outputs\default\entry-default-signed.hap cache.
[2026-05-09T20:27:04.276] [DEBUG] debug-file - Incremental task entry:default@SignHap post-execution cost:1 ms .
[2026-05-09T20:27:04.276] [DEBUG] debug-file - Update task entry:default@CollectDebugSymbol input file:F:\qq2.0\qqApplication\entry\build\default\intermediates\loader_out\default\ets\sourceMaps.map cache by regenerate.
[2026-05-09T20:27:04.276] [DEBUG] debug-file - Update task entry:default@CollectDebugSymbol input file:F:\qq2.0\qqApplication\entry\build\default\intermediates\libs\default cache by regenerate.
[2026-05-09T20:27:04.277] [DEBUG] debug-file - Update task entry:default@CollectDebugSymbol output file:F:\qq2.0\qqApplication\entry\build\default\outputs\default\symbol cache.
[2026-05-09T20:27:04.277] [DEBUG] debug-file - Incremental task entry:default@CollectDebugSymbol post-execution cost:1 ms .
[2026-05-09T20:27:04.320] [DEBUG] debug-file - Cleanup worker 0.
[2026-05-09T20:27:04.321] [DEBUG] debug-file - Worker 0 has been cleaned up.
[2026-05-09T20:27:04.321] [DEBUG] debug-file - Current idle worker size: 2.
[2026-05-09T20:27:04.321] [DEBUG] debug-file - Current resident worker size: 3.
[2026-05-09T20:27:04.321] [DEBUG] debug-file - Cleanup worker 1.
[2026-05-09T20:27:04.321] [DEBUG] debug-file - Worker 1 has been cleaned up.
[2026-05-09T20:27:04.322] [DEBUG] debug-file - Current idle worker size: 1.
[2026-05-09T20:27:04.322] [DEBUG] debug-file - Current resident worker size: 3.
[2026-05-09T20:27:04.324] [DEBUG] debug-file - hvigor build process will be closed.
[2026-05-09T20:27:04.325] [DEBUG] debug-file - java daemon socket close code:1000 reason:close by user
[2026-05-09T20:27:04.329] [DEBUG] debug-file - session manager: send message to worker process.
[2026-05-09T20:27:04.330] [DEBUG] debug-file - session manager: send message to worker process.
[2026-05-09T20:27:04.330] [DEBUG] debug-file - watch worker: worker id should be larger than 0. Nothing will be sent to any worker thread.
[2026-05-09T20:27:04.331] [DEBUG] debug-file - watch worker: worker id should be larger than 0. Nothing will be sent to any worker thread.
[2026-05-09T20:27:04.332] [DEBUG] debug-file - worker[0] exits with exit code 1.
[2026-05-09T20:27:04.336] [DEBUG] debug-file - worker[1] exits with exit code 1.
